[www.theaasc.com/index.html]
[cdn.cookielaw.org/scripttemplates/otSDKStub.js]
[backblue.gif]
[fade.gif]
[index.html]
[assets.adobedtm.com/3f0d2e2dbd42/bdff48862223/launch-2d482d69a1b0.min.js]
[www.theaasc.com/sites/g/files/qhldwo11306/files/favicon.ico]
[www.theaasc.com/sites/g/files/qhldwo11306/files/css/optimized/css_97htjIvQ15V1EfeTASftshiMIzLS36LIXVDogWwnlWQ.IJ5KA0xBsRRaiRPaWB6Sh9PN3WKo_EsNIYaw8SqYqYce60d.css]
[www.theaasc.com/sites/g/files/qhldwo11306/files/css/optimized/css_Zru9LBZ0sAXcjonUFHSutTAZkU-sNKpHr1JGBQ4FyU0.bkPvoFYCA2Lixa4KISvTdT3EKjCHiKrtKcE261byVx0e60d.css]
[www.theaasc.com/sites/g/files/qhldwo11306/files/css/optimized/css_kzULKG5pzGyNLykluQb5oDJTQPcLlJKzZ5imyM6J1h8.b9DwpaiAlb0lsM657D5Lniy-cPNAkk4Cxr45yy473q4e60d.css]
[www.theaasc.com/sites/g/files/qhldwo11306/files/css/optimized/css_uI2FntcPi0s7LE7aVRLFPdaOjEJ2AvgJxZxn7U_KEpU.uS1FFwOJYeXSeF3bIVSvkMkrHh5opqqW_F79rAx63B0e60d.css]
[www.theaasc.com/sites/g/files/qhldwo11306/files/css/optimized/css_LyrrR6JZO8eTCViUPzg899V1r3IBqMYsy9zQoA-d_xo.Awf46AhlxtFml2KQ8H4-E0dZzxzlJb1Ua0P5_ptOC4ke60d.css]
[www.theaasc.com/sites/g/files/qhldwo11306/files/css/optimized/css_YuXFCqJ6Mh9c2Lz522vxxQKwCuYdi4B4eglcgrxGnjc.xk_yrolxl9EFVCS6-YD3__eEEiB4lkwtBVMLZeTfMbAe60d.css]
[www.theaasc.com/sites/g/files/qhldwo11306/files/css/optimized/css_QFP1hM7WLcxcgk0ugO8g07Igkb2TVVC-zTOOyNcyODA.l_5ZkiCBh5EcPa_3_oVW7iVMoKNAq5rw47oEzn5A4uMe60d.css]
[www.theaasc.com/sites/g/files/qhldwo11306/files/css/optimized/css_0Ny4cdKqSdUCVJGF2wOpW9zbiddbbZXY8WkM_XJpnL8.x5nsh_uKblK9k6iDq9xx7vDex30jZc5ML0YXij4JCf0e60d.css]
[www.theaasc.com/sites/g/files/qhldwo11306/files/css/optimized/css_x_4HIN6y5Q2mTk5Yv7JQVdc-r71A0bNzHEv3Wizcouw.wlKRY8YQBgCfpxiNlZOsb4n8ocpyNihHm1PCxaJ72aQe60d.css]
[www.theaasc.com/sites/g/files/qhldwo11306/files/css/optimized/css_UmAqJl0l8Iyu6ze5RyEPgBE6SIIewruIiHw0myxraZk.PZJw_IXbQZH7i6WEC-FHNDBoI3_PTyzLEmC7wWy4oTUe60d.css]
[www.theaasc.com/sites/g/files/qhldwo11306/files/css/optimized/css_9fdY-kLwoAH17IT6ViP47CdYfbBMwZBp0UTWz5W6WdM.8xdGy7dXc6zJNYRxgF4k0vgBhKloby5N-_V1MMOlg8Ae60d.css]
[www.theaasc.com/sites/g/files/qhldwo11306/files/css/optimized/css_C_lMMBJD1jF8Lb4t-73z0zLIGmrUIjBn8oLQ4yu2-LA.F9pmb7LygmrpoeT1fXJA7PaAVf2oWybBXF5F5Eihki4e60d.css]
[www.theaasc.com/sites/g/files/qhldwo11306/files/css/optimized/css_M3EqtkMzY2VXZ2NYDaMtpuqydcZtOVwPzc4s-713RoE.KNMtBlCBCom77JyoWGB48Q3ueDS7rzZa_7XYX8jrDaAe60d.css]
[www.theaasc.com/sites/g/files/qhldwo11306/files/css/optimized/css_aBslj4pRjo2Mfa9bpGonfypZX7vip8qq6TxMpLA7zrQ.EyKYwId2-uqWMJLoO3wwcSveCVxiUwvTphMyKYfEZj4e60d.css]
[www.theaasc.com/sites/g/files/qhldwo11306/files/css/optimized/css_T9L-umrTsij_ahYGC4lMPKYDekA_3aSaQXOcPGy8mnU.Sk-ip5PYfIjxUJ83DbxAtt7sIYi2qRj5I2X4c7e8Vm0e60d.css]
[www.theaasc.com/sites/g/files/qhldwo11306/files/css/optimized/css_f-FSNaPTrP2oOQFtOvYzYmkaLNTjVtdiigX0p_xUQR0.kpMc62oK0cmz6PxvM1ud_W8MfI7jbwibsQJBwUKnj6oe60d.css]
[www.theaasc.com/sites/g/files/qhldwo11306/files/css/optimized/css_-bRO5lMsX6dFj_4QLNYRn3Glv8Fw-sjQmtuCC3SCdE0.b0Zuw7zuYwqRxAI1V79cTc_023d639V2bQ6KyuEtbY0e60d.css]
[www.theaasc.com/sites/g/files/qhldwo11306/files/css/optimized/css_kthmJssD3vqd7Eza4oWjPfCNVacwCRLi2v-oieNlGgU.KZBkzzAnxe-rSrbfNF3hMC36Vi24PspRllNxk4SA9Wwe60d.css]
[www.theaasc.com/sites/g/files/qhldwo11306/files/css/optimized/css_m_oZWVRbbC4HbOitJcwhEovlJf07D1q3gXxNcR04IzI.kS9BtcfI_NQUuATlpn5KRL-1J-5IkIqyZm3kOT_GO0Ue60d.css]
[www.theaasc.com/sites/g/files/qhldwo11306/files/css/optimized/css_YXF4xgOS0zk23OCyVsSDTus82BFUbBkYr_ItOXVj81E.2mNgp1qsab5wdrSlpKLQv707xKZ0u6LnqctpgDVxkVke60d.css]
[www.theaasc.com/sites/g/files/qhldwo11306/files/css/optimized/css_kMOSxvLIrg4Hy0ZeT-Rnxv9lZTob-7Yn3A8dyVDo1rg.0Qb5zpcCHmzpoF5ZOnDsfklWZn6rg3JsnrG0c7cJ-44e60d.css]
[www.theaasc.com/sites/g/files/qhldwo11306/files/css/optimized/css_AMTsGHUOJPFAkMMKM4W6IN1gVpB5oWWwJRMkxKq51pw.dn2Lo08RKmT9K61uqI9at50If8MdNgnYz6TlZW_Y4q4e60d.css]
[www.theaasc.com/sites/g/files/qhldwo11306/files/css/optimized/css_Z-5TKx9kThxW5rYM3vQRCBc8GEdIN_NvKS9iqhDQafw.RyxC-gT9frmBMijOhY3C3K32AabFm7-q9HkDsnP6XHUe60d.css]
[www.theaasc.com/sites/g/files/qhldwo11306/files/css/optimized/css_B_2jVuT6jLLyb7aSeSEqk36PnVz0mEI5zK7uqVBaJLw.smsRBGGy-MttVliRuPwj_TEI4mBHLeiSE32C0BkTq6Me60d.css]
[www.theaasc.com/sites/g/files/qhldwo11306/files/css/optimized/css_kJqax_RkZBAk2I3Nq_rTD9LHc0oMwWKlanYK42ORIfM.zTSiciBJCN04ULznc2T1MWG59Py-6ONyTHVVm-YCHX4e60d.css]
[www.theaasc.com/sites/g/files/qhldwo11306/files/css/optimized/css_vOD9-5JiqhFy7oiIOzO00o2XLgmR6XH8SUL8LL585Vc.8e6pTB1_nGdHUV4devYGGEmOgZeQXykLw4UdpB-9VYge60d.css]
[www.theaasc.com/sites/g/files/qhldwo11306/files/css/optimized/css_LsqyevKpXlmC5A3mcpQCMjeQ8P1N7BAvmO62IIs254k.pXj_CUQdS_spt071dkV4QDN59N8ftlRZwR2I76YLhqEe60d.css]
[www.theaasc.com/sites/g/files/qhldwo11306/files/css/optimized/css_2IKThb8VbOZVFheokJre1R3pKAhiWuy4HBjUoIeI0vI.n8AxXZ3HHyMfr5qXrohQDhIQk0UvvYkHeqfG3PKSkQoe60d.css]
[www.theaasc.com/sites/g/files/qhldwo11306/files/css/optimized/css_Fjohun_RLyggGG9iVCmfuvQAeTJ0rqU6yRAe65yXpHA.AbpHGcgLb-kRsJGnwFEktk7uzpZOCcBY74-YBdrKVGse60d.css]
[www.theaasc.com/sites/g/files/qhldwo11306/files/css/optimized/css_9CP_Ru6Ee6DQYsGv28pDk1SikbZqAQm3ZhiS8LkW9yU.xVyIfFHpVJtGSDZHiLlW2UUbMr_v1A7cAfqgpMMxPSAe60d.css]
[www.theaasc.com/sites/g/files/qhldwo11306/files/css/optimized/css_5KyzKxsqmDw8BN7L0zXyTw19kNoztAhzLlvGYiGOb3k.jq2YAMNr8hJAftkIAba2BnHvaN_zsmNlMk8CmkU08Bwe60d.css]
[www.theaasc.com/sites/g/files/qhldwo11306/files/css/optimized/css_lQiqAZjq_dox2brizdcyp02XAqhppLLzLiNZQFmaX_U.0qQgLQQakyHzIK8KF-SO-BSrK2TX62CBX9T8znShQQoe60d.css]
[www.theaasc.com/sites/g/files/qhldwo11306/files/css/optimized/css_4YA1fjuCP20Tb5AdnwN_Q2Y_m2ouvklKQVewaNQYevw.WPvVCp8hHs1nCvkbK3Xi8qMJxj1CYO73avJXrBE9Y_Me60d.css]
[www.theaasc.com/sites/g/files/qhldwo11306/files/css/optimized/css_0Rmg8BMFcGdULnEbYY9yDdH7q5a35XTRmwrQZlEz2Ms.ExJPRxXFd4ZWcztaj2WQ1L2GxhmHmYC6c24-B3iYcBoe60d.css]
[www.theaasc.com/sites/g/files/qhldwo11306/files/css/optimized/css_aIKocelQUZiIFVRsGBqRxGkXMmIluQwk_K5WqI7sF3g.jN6eNI_wwKiEm1rUvllymnv2dm6U51jndmfhwkjugZ4e60d.css]
[www.theaasc.com/sites/g/files/qhldwo11306/files/css/optimized/css_wWH6hO7dykOXRoeqKIZM7QGQcRMaLJdBs8-s_e7vJBg.gJaQWckX2FLPDDK-eWGDi8I3d3SI9kDI8C-wOARl5AMe60d.css]
[www.theaasc.com/sites/g/files/qhldwo11306/files/css/optimized/css_keoFhIQCyWgS9rZjwrMgPQeCAexpSNQ8kUszf0M7mPw.KJ1CHTRa1Yc-0H57JH-oT6DugCf3p104RRJK22tKGX8e60d.css]
[www.theaasc.com/sites/g/files/qhldwo11306/files/css/optimized/css_2714xDTw-Ff6XfN3K807PM5pCPWw23aWOl8YKNr9v0M.OWPGIY3sZfR_XLbPTdkBlr4O8AGWqTQ-gzKtkSUDuFEe60d.css]
[www.theaasc.com/sites/g/files/qhldwo11306/files/css/optimized/css_9m1RKINmL_A83Aq-2vz2Oqmgfj534xMTo5JE5eX9e2M._kZkY-bFmr5kNGV7IZl0O6K9SIXkZBFgucOJ00lBTi8e60d.css]
[www.theaasc.com/sites/g/files/qhldwo11306/files/css/optimized/css_ojz5N9CeBb6r74GfVh77gOnDPSmc8Sh-422T-wBSjWA.6egsiqXgngtQtI58BKZ_EI2HPaTcTN11LO98cI6C_yAe60d.css]
[www.theaasc.com/sites/g/files/qhldwo11306/files/css/optimized/css_kmxCWAkNJyajnyT7M9Fa7elIUJqBR4WTJ7dAP0jUYiU.5Wzk1r_qkvGeB8gs3nF9Rr5lyTf8juKsYhgeVDEbopYe60d.css]
[www.theaasc.com/sites/g/files/qhldwo11306/files/css/optimized/css_2xk3MyEoOHt62Zf8c_4eO32IjpzlgLSP2W87QEDCmfQ.7oNemu27SBzMn4CvWOMvOBae3NrhDdTWZj9e0v2RhJAe60d.css]
[www.theaasc.com/sites/g/files/qhldwo11306/files/css/optimized/css_Np_vx0F70E1orloy5DB7tCobL2CWtVVJb2Va7keT7jM.MktttvevjegHDdfGOjF62pMMvwthNhIaVWxwM7CXVJYe60d.css]
[www.theaasc.com/sites/g/files/qhldwo11306/files/css/optimized/css_ViqpVGnxXtBFIHyYXZDTcxjFve1i2Xzn3KsYr-8yU-E.h7sydTkn7Ge96RNSjK88D3ZdW0gYSUNIHWYmcimJchUe60d.css]
[www.theaasc.com/sites/g/files/qhldwo11306/files/css/optimized/css_mcmD2HsePsdYw4CtXbUac2AttD8u9FVQ0UTuALpF4hg.vbULMG7-6MVQ0QUYTyd1sHdkaTnOesu1962l6PQmIe0e60d.css]
[www.theaasc.com/sites/g/files/qhldwo11306/files/css/optimized/css_09EDRJHfB8QAml1KsGqnqgraqeSIlZcM1JM7W9zca_M.ofYGCZ7F_qGi0k-lHB0RxXcrLbkjQ9_3C-_tsTo1eC8e60d.css]
[www.theaasc.com/sites/g/files/qhldwo11306/files/css/optimized/css_TLrjrG0UQG_YecTlosOYfSFUExKH0B3R4BVQxFFJX8Q.fJ_WKltan2qOWkVLbiD8KhV8qqIxkMXNrHJ8NIMAKI0e60d.css]
[www.theaasc.com/sites/g/files/qhldwo11306/files/css/optimized/css_aB6GELN_kyRbFfQ9-K4XdFjU7LzqBPJsARgt1ZbUCJo.NOwoA2f_VzG9KQl7VZCgz--HrjFdF_BIMRLI3MNsn-4e60d.css]
[www.theaasc.com/sites/g/files/qhldwo11306/files/css/optimized/css_gynrR_Pnu9XLWtJquiyeIaJjmhQx0YCHw-CeeZHAZ-M.r22dV5bsuloMyUoTpavKwwqOsE7H23vnDKVGkudi8Eke60d.css]
[www.theaasc.com/sites/g/files/qhldwo11306/files/css/optimized/css_YIDPT-C4tLzIcKPZWLTLc6oOwXkVlAKi2LyK6YQgNLQ.7d_F5X9lW9h1QhNNKOmU4ALQx-pfRMZwxZBoH-eD0eEe60d.css]
[www.theaasc.com/sites/g/files/qhldwo11306/files/css/optimized/css_vM5s8t8qH5GWwdbdTm-OsYN9nB-scBB23xO87qQEb0M.1vnIsRtaQzWMjbVW3KjrdKlO9tult433vTdKYzyEP5ke60d.css]
[www.theaasc.com/sites/g/files/qhldwo11306/files/css/optimized/css_HnKd1iOCKo1XJlmRu4jLLpwgezgnc9sGmzt7HbBkkxI.zf36DXpA5yQK_r0yYSq3nPHmWvfggfmcpfoYKjV07QIe60d.css]
[www.theaasc.com/sites/g/files/qhldwo11306/files/css/optimized/css_eZ6IL1UbAxcZedDnoTsQ6a50lmSHBg97a-9XoEemyDo.9BpF-DpOCydf95AFjMabVJm6wP-xMslZNuX1VEhAShAe60d.css]
[www.theaasc.com/sites/g/files/qhldwo11306/files/css/optimized/css_R_XqgGUxKWJO7uaGB7uffbv2Mpv2vSDKVbvVBPlwl1I.6oRwiw_D51gEzseSIZzBfMQyEQd5UKF8zqDojDn2aaMe60d.css]
[www.theaasc.com/sites/g/files/qhldwo11306/files/css/optimized/css_yBkEvAyvnkMoTpnxFoZu_jHeiVrJQU2QScZqPmNtSHc.nvJXRgP8pmm5fHVRaUKCs_tfzzXWb6UeF9l3Bysx0rce60d.css]
[www.theaasc.com/sites/g/files/qhldwo11306/files/css/optimized/css_rdmrvqJkdZaTl4Sn2E8H59wk9IitQs75s0E987g6tWg.Bw0ILxaQrsk5ET5TVkvSB5XV0vgA6yYoAc8U-pDxXb8e60d.css]
[www.theaasc.com/sites/g/files/qhldwo11306/files/css/optimized/css_z3pnFA_MHFn4-rumt2TL6T0dNtE2BxWqpgCpoafEbb4.oVf_pR_97YDYJaMH-f4aWOYjd6B0m015TW9GcVNmNqMe60d.css]
[www.theaasc.com/sites/g/files/qhldwo11306/files/css/optimized/css_YFQbkMoYG--D6zazeMZrHvvsgUQFtKDqaSvrJpRq3cM.CbbctMG4Gd310U1TWS0z85Cuv7wMdPtfCyP5F6OjV4ge60d.css]
[www.theaasc.com/sites/g/files/qhldwo11306/files/css/optimized/css_yVi5UxYe2TJpCgnvZWQVfBotJTmdUFr56_hVz4D2u_I.yTpWVJdJa1EpIP1FZ3kO4MLm2W7NLN5fBMzvtkpp4cUe60d.css]
[www.theaasc.com/sites/g/files/qhldwo11306/files/css/optimized/css_T5T_V1k_vvQZhv8VDkaLJfby_fAsc-EtTUus1F8NsyY.z_hiJo1tnwhZmt8DWi1_eTCAwdKH3w7OUz_KX73I0SUe60d.css]
[www.theaasc.com/sites/g/files/qhldwo11306/files/css/optimized/css_9ZSPQokSfzsLmjEog2nuur_PL2ZRNOtIGHt4HE3_L_w.0K-87odiOkd1t0gIlU_S3TJVnK-XNyihlR6M0CqVVGge60d.css]
[www.theaasc.com/sites/g/files/qhldwo11306/files/css/optimized/css_0rsP0mzwr_t8L5jI43bSn_lpnWt3lFDV4DG0yy5k9jQ.Ytk9cFO1wBlGoCP9gVAQv9Cq514vXwgddPT3gn-EEHAe60d.css]
[www.theaasc.com/sites/g/files/qhldwo11306/files/css/optimized/css_4xn5Yt-PTZsPFDNd70AA1K4QINnR58LgSTLF_b0lWMA.GhySRz9r8Xl0Dt9RP9gXqkrHCKgl2tbaD0uJeRzxrVMe60d.css]
[www.theaasc.com/sites/g/files/qhldwo11306/files/css/optimized/css_MTu3t-7A0tMDCy_nyGqjw-X8zB4CclGt0r_-Y0uMn7c.8EI431bwcNoO7wY2DYBsFqD5fFca6ce0QZCCfmMMSzse60d.css]
[www.theaasc.com/sites/g/files/qhldwo11306/files/css/optimized/css_KMfUh39T6wGK_tfFtpmlGG9KegLL4ZiqkIkQbRrU3vc.8PxUlgXMZ7inhElJ_DMKn-CgFUJUbBJjBy1ZWkLkdXge60d.css]
[www.theaasc.com/sites/g/files/qhldwo11306/files/js/optimized/js_dxIVcwvQ00owLGoUGPTfRYXU-T5rnj8Xi0cXfb3Kn58._JqT3SQfawRcv_BIHPThkBvs0OEvtFFmqPF_lYI_Cxod734.js]
[www.theaasc.com/sites/g/files/qhldwo11306/files/js/optimized/js_w0iO3No0CsyHgJmryEbhwpkh5zx6m6dhvawBt4ufwyA.HRN_m4FplP890kDvBJQuv0fEgTHDKwrMZA2zBldV1JYf700.js]
[www.theaasc.com/sites/g/files/qhldwo11306/files/js/optimized/js_Hpe5jrMuKXrV4HSTMApXJsNBxraAgcHUrTjxkwWKqy8.9H1W9OQqD9V27idEVOJMCFAQtGS4Scq-gAQciKr0U2Mfe04.js]
[www.theaasc.com/sites/g/files/qhldwo11306/files/js/optimized/js_V1oRQ-kJlXBZaEklOtPUe_1t8-l0RS94HJ3gsqxKikc.LMtm7OsF5tFcpxpmBexOddu30l-Xz-FUCSBPovfiEt8fe04.js]
[www.theaasc.com/sites/g/files/qhldwo11306/files/js/optimized/js_KRjtvzl6UujB23-j_sF6dqOcbqg2z8ej98A8RU9bGsg.kjk12BMQYgWzHTlTsh40oAfzJ1jsDD0rpt092h-M9ukfe04.js]
[www.theaasc.com/sites/g/files/qhldwo11306/files/js/optimized/js_rJQeYB7caXNCdmgzJ4t5f6f6CrVuk9_CJlqK8yDBzqk.QLD7mKey3phzumqz3uRKIHY2nqqKo_plzIfGrgeQ5Ycfe04.js]
[www.theaasc.com/sites/g/files/qhldwo11306/files/js/optimized/js_pbrt6BW6zk2scxcVck6pKOhrsnS-4n6mdUeoPTfK2aM.F15X2YCXNVRiXJFw9bAWTN9GXU1HaAbvYHvOoFmnbLUfe04.js]
[www.theaasc.com/sites/g/files/qhldwo11306/files/js/optimized/js_CbOM1f2ZQjSvD29Vzs3nHYsIjSyprydKvJ38uk-EKzQ.dAXI56pV2ZPn9QGfyd-mmPdBCd_VlavLN59BjPAgNOgfe04.js]
[www.theaasc.com/sites/g/files/qhldwo11306/files/js/optimized/js_1_Qr-HDXqlP8qV9oE0Levmwx3Sc1ldDn6Q9QvWEYY6E.XXTdDFNiWNbao5RRs1Aq-_G2fwGOGtyrrBgSr48Pr6wfe04.js]
[www.theaasc.com/sites/g/files/qhldwo11306/files/js/optimized/js_yt_B6-UYT74y4dRKoGQ9gfLb0O0RDb4vG2LIGOYlHq8.-UGjQblMTO_e3Grk02Go8eAWHwbL6GT0oAl-h-CgK5Qfe04.js]
[www.theaasc.com/sites/g/files/qhldwo11306/files/js/optimized/js_OYMUXIYk_UxVlsQSqo3_hSK3aC6qbx7cz9wNrtTse48.D7Do9Gn7KAOch1JHc7ma8CZHkvZvUTPAc5nIoo3LX44fe04.js]
[www.theaasc.com/sites/g/files/qhldwo11306/files/js/optimized/js_A7R00KDzeuDMEsk6DOs_s2ZrOjO5c23zgXuffR4Khqc.q6qxxfVF7-gZME3a3JPerO2q6sv01F6mQnVPwcmknYofe04.js]
[www.theaasc.com/sites/g/files/qhldwo11306/files/js/optimized/js_4VhSX4lEyBg9lxgOnT6eUHtdfwq4GgGv6TSm_aWIhzc.msJZjs5u5RGmKA2fbhFxLGexUv1x2UOibCSs8rzkw1Ufe04.js]
[www.theaasc.com/sites/g/files/qhldwo11306/files/js/optimized/js_VycJ3FTVVaVyhSCcLXYEaSJoilQ8WxeImUFAjqgR5Y8.ouOM0Q5oYPfUBV8lTR3cCyJG56DQNwRTOVgi8IFXBrAfe04.js]
[www.theaasc.com/sites/g/files/qhldwo11306/files/js/optimized/js_QZ6R3WHZ2xvc16JcQ7QBGg7ZW5Q69JxQSKxhelKIbIE.rnfvk6uzW1ISnGjxzePWaH83MAcUkTOsSGF6xij2QAsfe04.js]
[www.theaasc.com/sites/g/files/qhldwo11306/files/js/optimized/js_SpWiM_QFpYbnP3qrlmV1Aa2OGQVC1G0okd3jErKS1EI.Cz8_DwPQcpJrjdTZvBKdqWS7V0abyjGDgrVg6Diy3jkfe04.js]
[www.theaasc.com/sites/g/files/qhldwo11306/files/js/optimized/js_shtMqRNOVBaAvLi9-CpiCI1loPsDLJlEM8e0qdxIyaA._ljAZbtHeBUPsD_JTpPHK9XLnZ-Bh8IIR0gfaERLf0kfe04.js]
[www.theaasc.com/sites/g/files/qhldwo11306/files/js/optimized/js_J05cWfCFFxc6Ntk7FqEMfp2MqvFE0LYhqPR-d5pkpX4.eRBP0BbEW9K4axpZn5GrBrvbQysogv9ziF_qly6y9P0fe04.js]
[www.theaasc.com/sites/g/files/qhldwo11306/files/js/optimized/js_XrfmCmDqLTCEPh8gnU8hVIYf5mJPXNeZp91Zu1g8f9Y.i3qujr4t4NUUzwk0bY4rUPAZgLDWLpH4I0Ht5U7c2Gsfe04.js]
[www.theaasc.com/sites/g/files/qhldwo11306/files/js/optimized/js_DB1pt9EyFJ14MM4u0q_UUdhcwWPwrgl0M8Ao_U1cQKw.1HGXCu8xDCZ9D4t4OUEJBVbpMoVuuCDmld0Orcde48Ufe04.js]
[www.theaasc.com/sites/g/files/qhldwo11306/files/js/optimized/js_xTMVqsdfgSLZsrDVnB0yeJ_u8fjPX7MQHI1nVihqNuE.7B-a0BsG-0oGVyrcfb37AxOKeNquBdl8lk3CyiHXfeUfe04.js]
[www.theaasc.com/sites/g/files/qhldwo11306/files/js/optimized/js_gEmjNg-vrsVI816UzVFe6X3vlSx0FTpPgKUR0axgrXs.aT1b17yuuFOZ02MCX5ONYrorBiyoVdHn6EFMtlXyDCAfe04.js]
[www.theaasc.com/sites/g/files/qhldwo11306/files/js/optimized/js_trjIfy6wGxnxz9PVSI8rA84dA6HxX_Lw5W4uUlw0Xs0.-KbTIsNarrWDUf2UHG7fElVJxl72-Pmuf_1NbApB5A0fe04.js]
[www.theaasc.com/sites/g/files/qhldwo11306/files/js/optimized/js_2hr-YHySYMDuptPCwhH1H7CfNShEa93koPpOo_581D4.fU-RbWLSh2I8Ytqntu1-ArKZ9OVXly0tO-X8U0Ety6Ife04.js]
[www.theaasc.com/sites/g/files/qhldwo11306/files/js/optimized/js_WmhavmnC0K35xZ9vLX51qtRqFT74puvZXIMWnNUYpbM.HmKlReEYCiV9GnfhxV81WuXqMJ6i6CJEQgYJrzlXRtw0559.js]
[www.theaasc.com/sites/g/files/qhldwo11306/files/js/optimized/js_pCqeI411sVqMjF7f2fKhUUOV4yKaxxQp7FHSELuxGGc.2g5bmie0CWfVbbOg32zvwXHEUfmS0mqFc0I_Z7vrtvMfe04.js]
[www.theaasc.com/modules/contrib/adobe_launch/js/adobe_launch_dtm_inite60d.js]
[www.theaasc.com/sites/g/files/qhldwo11306/files/js/optimized/js_mjv4qhOv2_1-EQeYpZwvWqHcMokP3Cu36uHh9tRNXFY.CJF84Dv0PjH3KPaqgwzS-NJS45qPbXaVePB7UAw-uH8fe04.js]
[www.theaasc.com/sites/g/files/qhldwo11306/files/js/optimized/js_KKcnkUdYKB53TMNVsf6RrHXCgsIpqtdkf2utxTGblLc.ynu_A6j2Wzd1B6Vw6BTQ8qyocstdbrEa04BlYLcbHiEfe04.js]
[www.theaasc.com/sites/g/files/qhldwo11306/files/js/optimized/js_3V5UYvHeGVCTCI6-0G9MShZMkOTjpmWzauUa17REJYg.Skr0Jc5GUKefc-pdZvCEo932Y2orIBO4a5uHTzer7YMfe04.js]
[www.theaasc.com/sites/g/files/qhldwo11306/files/js/optimized/js_7SLROedAOygMVqhG50yRRbiZ1w7AmAy9Wx63Se_hrEo.RHHoh3qOJXKfC_izkCzBQeHAM9lKs2tMLnwwXJQddecfe04.js]
[www.theaasc.com/sites/g/files/qhldwo11306/files/js/optimized/js_3PPDECkkWmZprRXP5fGfqH5tOkTJcwB21__r7fjPUh4.FM0QEgk5sXswUR2j_HZSngwH1zEUr0v2J8mHf-3nglsfe04.js]
[www.theaasc.com/sites/g/files/qhldwo11306/files/js/optimized/js_GrQl3TMVBdSFgif7bkvIVoCWbf9SY3sm8jianc5MBYI.a7xJmtDE8RvIy3x-q9FvAIJ1W6CbYZd3rd0FQNL3Q-sfe04.js]
[www.theaasc.com/sites/g/files/qhldwo11306/files/js/optimized/js_4bZGp8eSSkr0AcYEB06FWt2zMZLqDhKxz6gEhKnO5X0.-_wJjs2BWnIoDstNCjVUMdohPAm1Cb6KMFLzNQnyetsfe04.js]
[www.theaasc.com/sites/g/files/qhldwo11306/files/js/optimized/js_dOdL6MKe8Xi7Kps6emaAgxWRpDXYc7U7glpIUKIBOiA.XAp-Kcb5FZvnj1DJvOdVsSEE04SX1ckhOvPcQwTj6hofe04.js]
[www.theaasc.com/sites/g/files/qhldwo11306/files/js/optimized/js_YSBqDrGfkyMrsn-wT-lty4BnE7uEji7vl0zKC_-Z0BE.oLTnTHb9AUCZyGIMu_xYoE6Miz_LA_c24mSOzHiEwxUfe04.js]
[unpkg.com/tabbable@6.3.0/dist/index.umd.js]
[unpkg.com/focus-trap@7.6.6/dist/focus-trap.umd.js]
[www.theaasc.com/sites/g/files/qhldwo11306/files/js/optimized/js_1h5CQIoBI2XdL_2xDByEN7QZglJO5V5EnTwpEAX1e7I.8BwI3nxC_OdBnX_pXcnxyWWULCNn-in4KcLloXninYAfe04.js]
[www.theaasc.com/sites/g/files/qhldwo11306/files/js/optimized/js_nKlW0s1eP3bGjyfbSHP4guHgnuCQ2V_IbkgMZ4UdzO4.MTHCcdAQ1524jW6nLa3EtNqF_1TujsKyr8qksEY7n6wfe04.js]
[www.theaasc.com/sites/g/files/qhldwo11306/files/js/optimized/js_ezwJb8QjKN82W11Y2widYXtFt5DfOo-fgZxIg_9sAik.s0ftg9DcYKonxRNsyujPK8mZFoHu6DwZvsB0967odSIfe04.js]
[www.theaasc.com/sites/g/files/qhldwo11306/files/js/optimized/js__TF0_87cNnB7zfFuH5jalW1RMKzKj__FtRNXnDln7eA.LbmYeeNvT-Bo1K2wExK2EJO_Hm8zkO7p3Daf1NdLzbMfe04.js]
[www.theaasc.com/hcp.html]
[www.theaasc.com/sites/g/files/qhldwo11306/files/2024-08/Logo.svg]
[www.theaasc.com/about-aasc.html]
[www.theaasc.com/agitation-in-alzheimers-dementia.html]
[www.theaasc.com/aasc-development.html]
[www.theaasc.com/aasc-screener.html]
[www.theaasc.com/resources.html]
[www.theaasc.com/sites/g/files/qhldwo11306/themes/site/themes/custom/otsuka_ds3_aasc_theme/dist/icons.svg]
[www.theaasc.com/sites/g/files/qhldwo11306/files/2024-08/hero-m.jpg]
[www.theaasc.com/sites/g/files/qhldwo11306/files/2024-08/hero-d.jpg]
[www.theaasc.com/sites/g/files/qhldwo11306/files/2024-08/neurology-stylized-icon.svg]
[www.theaasc.com/sites/g/files/qhldwo11306/files/2024-08/people-stylized-icon.svg]
[www.theaasc.com/sites/g/files/qhldwo11306/files/2024-08/pain-stylized-icon.svg]
[www.theaasc.com/sites/g/files/qhldwo11306/files/2024-08/callout-head-icon.svg]
[www.theaasc.com/sites/g/files/qhldwo11306/files/2024-08/caregiver.svg]
[www.theaasc.com/sites/g/files/qhldwo11306/files/2024-08/hcp.svg]
[www.theaasc.com/sites/g/files/qhldwo11306/files/2024-08/early-detection.svg]
[www.theaasc.com/sites/g/files/qhldwo11306/files/2024-08/clock.svg]
[www.theaasc.com/sites/g/files/qhldwo11306/files/2024-08/Logo (1).svg]
[www.theaasc.com/cdn-cgi/l/email-protection]
[www.theaasc.com/cdn-cgi/scripts/5c5dd728/cloudflare-static/email-decode.min.js]
[www.theaasc.com/sites/g/files/qhldwo11306/files/js/optimized/js_pr5NOW3SOoEnFhmA9pohLl2N2EgtEc-Lki2dR-PMR6E.inXD9DntG2LD4U6ZidkOY7nj_k1Nb7SrykufW4E2Ps0e60d.js]
[www.theaasc.com/sites/g/files/qhldwo11306/files/js/optimized/js_raiB1XQa2BSqwOjclmJv4yvIOmTUWcW9PjOXjUUu6tA.M0yLQSIH17BcVPwx3my-RIxkNz5I_-FNZRK4uHXFxg8e60d.js]
[www.theaasc.com/sites/g/files/qhldwo11306/files/js/optimized/js_YWUAkg2WLZ8qU-mYNniUZwvbHQhWYj3MHa2EhY_bTUU.AkACO5iScIeD1RQGCl_IodWQzn_GWtkLnqBKNqVQoYse60d.js]
[www.theaasc.com/sites/g/files/qhldwo11306/files/js/optimized/js_14jXgrIXge971kfkg-uVQ2hrRkCbWqpyAIIJeDq6Iv8.xh542dh7d84czMNglX_RTbjPD2jp4DX8pXGZ1Drh9wofe04.js]
[www.theaasc.com/sites/g/files/qhldwo11306/files/js/optimized/js_GKwYjcoM9HdCDO4-PclDs9fR1jnVyjUeQQJhnwWGOU8.m6_4mgdVHLLJE2DG4cEmveoSBE54WEw2WBG-DztFMP8fe04.js]
[www.theaasc.com/sites/g/files/qhldwo11306/files/js/optimized/js_tQ-TZdC5_YRpDbrwQjcQ_kOwZ4ifDTALBiFOmpjxvWk.oOOsbyetifjP2w_EP1uIJvm4nShmfF68QYwuSVTZc_8e60d.js]
[www.theaasc.com/sites/g/files/qhldwo11306/files/js/optimized/js_UWntVrgxShf6lAW3onmdpsgXGcKXqaIfk8Tfhj6AVTo.Sjp0QAhLOCjrGetCSvDStNMzth1aobVICahDsj2q42Ee60d.js]
[www.theaasc.com/sites/g/files/qhldwo11306/files/js/optimized/js_myuJdhMsuRJfwb_IFyoV4y1dxptTSbwaNGLy2qnUdYI.eY-KWey744LT4typgHGPEJmWwXWfutytI4BufyE2434e60d.js]
[www.theaasc.com/sites/g/files/qhldwo11306/files/js/optimized/js_5EWMmiOZ-6hj77qwvnTIl274NI0x8viCLYH-eEfpdRE.vnN_ypKrFmi-NXlzGPO5GX-MkkH_AHYWoiN8wcaW4GMe60d.js]
[www.theaasc.com/sites/g/files/qhldwo11306/files/js/optimized/js_wXsGuSFKD1N2aWx7GlghMkHb68CEuLz7GgKHPZmRDO4.Kyk06bLyj4GT-RsbP9Y5BsyQScRKwayX37untRxKOLEe60d.js]
[www.theaasc.com/sites/g/files/qhldwo11306/files/js/optimized/js_ywJQ25vZz5rtcjI4xxzO_fvuS3JmB_EJMvOdpXn7ZGI.OM-YXvVTosK8cUJkzYtIkcJzxX2Fz0QVb8GRMO5Kz1we60d.js]
[www.theaasc.com/sites/g/files/qhldwo11306/files/js/optimized/js_R9rdGjwm2_-K9RL0rcsKYaqDad9Oi66yPd98QZY4wss.7IsIMR5pUjQ40qsxW43segoWUiTLhBs0bg6XNhx77Doe60d.js]
[www.theaasc.com/sites/g/files/qhldwo11306/files/js/optimized/js_YEikD6RBnmBv9dxK1U5ngSCBD64ZRqT14TCbP8ldQxs.99qRijHwkGLjJe0aDAQZTD99oq_g5x_g_0QafReTgr4e60d.js]
[www.theaasc.com/sites/g/files/qhldwo11306/files/js/optimized/js_dgld6FZx50RT47qjiA1Llqo1V9zCwrvgpUlNCtZX_9U.9ggyQaihWujMt8SzPW76uT3pa7pPTsNAiehUdt8b9Vofe04.js]
[www.theaasc.com/index.html]
[www.theaasc.com/helpers/getObjectProperty.js]
[assets.adobedtm.com/3f0d2e2dbd42/bdff48862223/launch-2d482d69a1b0.min.js]
[www.theaasc.com/sites/g/files/qhldwo11306/files/css/optimized/css_97htjIvQ15V1EfeTASftshiMIzLS36LIXVDogWwnlWQ.IJ5KA0xBsRRaiRPaWB6Sh9PN3WKo_EsNIYaw8SqYqYce60d.css]
[www.theaasc.com/sites/g/files/qhldwo11306/files/css/optimized/css_Zru9LBZ0sAXcjonUFHSutTAZkU-sNKpHr1JGBQ4FyU0.bkPvoFYCA2Lixa4KISvTdT3EKjCHiKrtKcE261byVx0e60d.css]
[www.theaasc.com/sites/g/files/qhldwo11306/files/css/optimized/css_kzULKG5pzGyNLykluQb5oDJTQPcLlJKzZ5imyM6J1h8.b9DwpaiAlb0lsM657D5Lniy-cPNAkk4Cxr45yy473q4e60d.css]
[www.theaasc.com/sites/g/files/qhldwo11306/files/css/optimized/css_uI2FntcPi0s7LE7aVRLFPdaOjEJ2AvgJxZxn7U_KEpU.uS1FFwOJYeXSeF3bIVSvkMkrHh5opqqW_F79rAx63B0e60d.css]
[www.theaasc.com/sites/g/files/qhldwo11306/files/css/optimized/css_LyrrR6JZO8eTCViUPzg899V1r3IBqMYsy9zQoA-d_xo.Awf46AhlxtFml2KQ8H4-E0dZzxzlJb1Ua0P5_ptOC4ke60d.css]
[www.theaasc.com/sites/g/files/qhldwo11306/files/css/optimized/css_YuXFCqJ6Mh9c2Lz522vxxQKwCuYdi4B4eglcgrxGnjc.xk_yrolxl9EFVCS6-YD3__eEEiB4lkwtBVMLZeTfMbAe60d.css]
[www.theaasc.com/sites/g/files/qhldwo11306/files/css/optimized/css_QFP1hM7WLcxcgk0ugO8g07Igkb2TVVC-zTOOyNcyODA.l_5ZkiCBh5EcPa_3_oVW7iVMoKNAq5rw47oEzn5A4uMe60d.css]
[www.theaasc.com/sites/g/files/qhldwo11306/files/css/optimized/css_0Ny4cdKqSdUCVJGF2wOpW9zbiddbbZXY8WkM_XJpnL8.x5nsh_uKblK9k6iDq9xx7vDex30jZc5ML0YXij4JCf0e60d.css]
[www.theaasc.com/sites/g/files/qhldwo11306/files/css/optimized/css_x_4HIN6y5Q2mTk5Yv7JQVdc-r71A0bNzHEv3Wizcouw.wlKRY8YQBgCfpxiNlZOsb4n8ocpyNihHm1PCxaJ72aQe60d.css]
[www.theaasc.com/sites/g/files/qhldwo11306/files/css/optimized/css_UmAqJl0l8Iyu6ze5RyEPgBE6SIIewruIiHw0myxraZk.PZJw_IXbQZH7i6WEC-FHNDBoI3_PTyzLEmC7wWy4oTUe60d.css]
[www.theaasc.com/sites/g/files/qhldwo11306/files/css/optimized/css_9fdY-kLwoAH17IT6ViP47CdYfbBMwZBp0UTWz5W6WdM.8xdGy7dXc6zJNYRxgF4k0vgBhKloby5N-_V1MMOlg8Ae60d.css]
[www.theaasc.com/sites/g/files/qhldwo11306/files/css/optimized/css_C_lMMBJD1jF8Lb4t-73z0zLIGmrUIjBn8oLQ4yu2-LA.F9pmb7LygmrpoeT1fXJA7PaAVf2oWybBXF5F5Eihki4e60d.css]
[www.theaasc.com/sites/g/files/qhldwo11306/files/css/optimized/css_M3EqtkMzY2VXZ2NYDaMtpuqydcZtOVwPzc4s-713RoE.KNMtBlCBCom77JyoWGB48Q3ueDS7rzZa_7XYX8jrDaAe60d.css]
[www.theaasc.com/sites/g/files/qhldwo11306/files/css/optimized/css_aBslj4pRjo2Mfa9bpGonfypZX7vip8qq6TxMpLA7zrQ.EyKYwId2-uqWMJLoO3wwcSveCVxiUwvTphMyKYfEZj4e60d.css]
[www.theaasc.com/sites/g/files/qhldwo11306/files/css/optimized/css_T9L-umrTsij_ahYGC4lMPKYDekA_3aSaQXOcPGy8mnU.Sk-ip5PYfIjxUJ83DbxAtt7sIYi2qRj5I2X4c7e8Vm0e60d.css]
[www.theaasc.com/sites/g/files/qhldwo11306/files/css/optimized/css_f-FSNaPTrP2oOQFtOvYzYmkaLNTjVtdiigX0p_xUQR0.kpMc62oK0cmz6PxvM1ud_W8MfI7jbwibsQJBwUKnj6oe60d.css]
[www.theaasc.com/sites/g/files/qhldwo11306/files/css/optimized/css_-bRO5lMsX6dFj_4QLNYRn3Glv8Fw-sjQmtuCC3SCdE0.b0Zuw7zuYwqRxAI1V79cTc_023d639V2bQ6KyuEtbY0e60d.css]
[www.theaasc.com/sites/g/files/qhldwo11306/files/css/optimized/css_kthmJssD3vqd7Eza4oWjPfCNVacwCRLi2v-oieNlGgU.KZBkzzAnxe-rSrbfNF3hMC36Vi24PspRllNxk4SA9Wwe60d.css]
[www.theaasc.com/indexd41d.html]
[www.theaasc.com/core/misc/icons/e32700/error.svg]
[www.theaasc.com/core/misc/icons/e29700/warning.svg]
[www.theaasc.com/sites/g/files/qhldwo11306/files/css/optimized/css_m_oZWVRbbC4HbOitJcwhEovlJf07D1q3gXxNcR04IzI.kS9BtcfI_NQUuATlpn5KRL-1J-5IkIqyZm3kOT_GO0Ue60d.css]
[www.theaasc.com/sites/g/files/qhldwo11306/files/css/optimized/css_YXF4xgOS0zk23OCyVsSDTus82BFUbBkYr_ItOXVj81E.2mNgp1qsab5wdrSlpKLQv707xKZ0u6LnqctpgDVxkVke60d.css]
[www.theaasc.com/sites/g/files/qhldwo11306/files/css/optimized/css_kMOSxvLIrg4Hy0ZeT-Rnxv9lZTob-7Yn3A8dyVDo1rg.0Qb5zpcCHmzpoF5ZOnDsfklWZn6rg3JsnrG0c7cJ-44e60d.css]
[www.theaasc.com/core/misc/icons/73b355/check.svg]
[www.theaasc.com/core/misc/icons/787878/twistie-down.svg]
[www.theaasc.com/sites/g/files/qhldwo11306/files/css/optimized/css_AMTsGHUOJPFAkMMKM4W6IN1gVpB5oWWwJRMkxKq51pw.dn2Lo08RKmT9K61uqI9at50If8MdNgnYz6TlZW_Y4q4e60d.css]
[www.theaasc.com/sites/g/files/qhldwo11306/files/css/optimized/css_Z-5TKx9kThxW5rYM3vQRCBc8GEdIN_NvKS9iqhDQafw.RyxC-gT9frmBMijOhY3C3K32AabFm7-q9HkDsnP6XHUe60d.css]
[www.theaasc.com/core/misc/icons/787878/twistie-up.svg]
[www.theaasc.com/modules/custom/otsuka_privacy_compliant_media/img/video-play-btn-mobile.svg]
[www.theaasc.com/modules/custom/otsuka_privacy_compliant_media/img/video-play-btn.svg]
[www.theaasc.com/modules/custom/otsuka_privacy_compliant_media/img/buzzsprout-placeholder.png]
[www.theaasc.com/sites/g/files/qhldwo11306/files/css/optimized/css_B_2jVuT6jLLyb7aSeSEqk36PnVz0mEI5zK7uqVBaJLw.smsRBGGy-MttVliRuPwj_TEI4mBHLeiSE32C0BkTq6Me60d.css]
[www.theaasc.com/modules/custom/otsuka_privacy_compliant_media/img/orbita-chat-bubble.svg]
[www.theaasc.com/core/assets/vendor/jquery.ui/themes/base/images/ui-icons_444444_256x240.png]
[www.theaasc.com/core/assets/vendor/jquery.ui/themes/base/images/ui-icons_555555_256x240.png]
[www.theaasc.com/core/assets/vendor/jquery.ui/themes/base/images/ui-icons_ffffff_256x240.png]
[www.theaasc.com/core/assets/vendor/jquery.ui/themes/base/images/ui-icons_777620_256x240.png]
[www.theaasc.com/core/assets/vendor/jquery.ui/themes/base/images/ui-icons_cc0000_256x240.png]
[www.theaasc.com/core/assets/vendor/jquery.ui/themes/base/images/ui-icons_777777_256x240.png]
[www.theaasc.com/sites/g/files/qhldwo11306/files/css/optimized/css_kJqax_RkZBAk2I3Nq_rTD9LHc0oMwWKlanYK42ORIfM.zTSiciBJCN04ULznc2T1MWG59Py-6ONyTHVVm-YCHX4e60d.css]
[www.theaasc.com/sites/g/files/qhldwo11306/files/css/optimized/css_vOD9-5JiqhFy7oiIOzO00o2XLgmR6XH8SUL8LL585Vc.8e6pTB1_nGdHUV4devYGGEmOgZeQXykLw4UdpB-9VYge60d.css]
[www.theaasc.com/sites/g/files/qhldwo11306/files/css/optimized/css_LsqyevKpXlmC5A3mcpQCMjeQ8P1N7BAvmO62IIs254k.pXj_CUQdS_spt071dkV4QDN59N8ftlRZwR2I76YLhqEe60d.css]
[www.theaasc.com/sites/g/files/qhldwo11306/files/css/optimized/css_2IKThb8VbOZVFheokJre1R3pKAhiWuy4HBjUoIeI0vI.n8AxXZ3HHyMfr5qXrohQDhIQk0UvvYkHeqfG3PKSkQoe60d.css]
[www.theaasc.com/sites/g/files/qhldwo11306/files/css/optimized/css_Fjohun_RLyggGG9iVCmfuvQAeTJ0rqU6yRAe65yXpHA.AbpHGcgLb-kRsJGnwFEktk7uzpZOCcBY74-YBdrKVGse60d.css]
[www.theaasc.com/sites/g/files/qhldwo11306/files/css/optimized/css_9CP_Ru6Ee6DQYsGv28pDk1SikbZqAQm3ZhiS8LkW9yU.xVyIfFHpVJtGSDZHiLlW2UUbMr_v1A7cAfqgpMMxPSAe60d.css]
[www.theaasc.com/sites/g/files/qhldwo11306/files/css/optimized/css_5KyzKxsqmDw8BN7L0zXyTw19kNoztAhzLlvGYiGOb3k.jq2YAMNr8hJAftkIAba2BnHvaN_zsmNlMk8CmkU08Bwe60d.css]
[www.theaasc.com/sites/g/files/qhldwo11306/files/css/optimized/css_lQiqAZjq_dox2brizdcyp02XAqhppLLzLiNZQFmaX_U.0qQgLQQakyHzIK8KF-SO-BSrK2TX62CBX9T8znShQQoe60d.css]
[www.theaasc.com/sites/g/files/qhldwo11306/files/css/optimized/css_4YA1fjuCP20Tb5AdnwN_Q2Y_m2ouvklKQVewaNQYevw.WPvVCp8hHs1nCvkbK3Xi8qMJxj1CYO73avJXrBE9Y_Me60d.css]
[www.theaasc.com/sites/g/files/qhldwo11306/files/css/optimized/css_0Rmg8BMFcGdULnEbYY9yDdH7q5a35XTRmwrQZlEz2Ms.ExJPRxXFd4ZWcztaj2WQ1L2GxhmHmYC6c24-B3iYcBoe60d.css]
[www.theaasc.com/sites/g/files/qhldwo11306/files/css/optimized/css_aIKocelQUZiIFVRsGBqRxGkXMmIluQwk_K5WqI7sF3g.jN6eNI_wwKiEm1rUvllymnv2dm6U51jndmfhwkjugZ4e60d.css]
[www.theaasc.com/sites/g/files/qhldwo11306/files/css/optimized/css_wWH6hO7dykOXRoeqKIZM7QGQcRMaLJdBs8-s_e7vJBg.gJaQWckX2FLPDDK-eWGDi8I3d3SI9kDI8C-wOARl5AMe60d.css]
[www.theaasc.com/sites/g/files/qhldwo11306/files/css/optimized/css_keoFhIQCyWgS9rZjwrMgPQeCAexpSNQ8kUszf0M7mPw.KJ1CHTRa1Yc-0H57JH-oT6DugCf3p104RRJK22tKGX8e60d.css]
[www.theaasc.com/sites/g/files/qhldwo11306/files/css/optimized/css_2714xDTw-Ff6XfN3K807PM5pCPWw23aWOl8YKNr9v0M.OWPGIY3sZfR_XLbPTdkBlr4O8AGWqTQ-gzKtkSUDuFEe60d.css]
[www.theaasc.com/sites/g/files/qhldwo11306/files/css/optimized/css_9m1RKINmL_A83Aq-2vz2Oqmgfj534xMTo5JE5eX9e2M._kZkY-bFmr5kNGV7IZl0O6K9SIXkZBFgucOJ00lBTi8e60d.css]
[www.theaasc.com/sites/g/files/qhldwo11306/files/css/optimized/css_ojz5N9CeBb6r74GfVh77gOnDPSmc8Sh-422T-wBSjWA.6egsiqXgngtQtI58BKZ_EI2HPaTcTN11LO98cI6C_yAe60d.css]
[www.theaasc.com/sites/g/files/qhldwo11306/files/css/optimized/css_kmxCWAkNJyajnyT7M9Fa7elIUJqBR4WTJ7dAP0jUYiU.5Wzk1r_qkvGeB8gs3nF9Rr5lyTf8juKsYhgeVDEbopYe60d.css]
[www.theaasc.com/sites/g/files/qhldwo11306/files/css/optimized/css_2xk3MyEoOHt62Zf8c_4eO32IjpzlgLSP2W87QEDCmfQ.7oNemu27SBzMn4CvWOMvOBae3NrhDdTWZj9e0v2RhJAe60d.css]
[www.theaasc.com/sites/g/files/qhldwo11306/files/css/optimized/css_Np_vx0F70E1orloy5DB7tCobL2CWtVVJb2Va7keT7jM.MktttvevjegHDdfGOjF62pMMvwthNhIaVWxwM7CXVJYe60d.css]
[www.theaasc.com/sites/g/files/qhldwo11306/files/css/optimized/css_ViqpVGnxXtBFIHyYXZDTcxjFve1i2Xzn3KsYr-8yU-E.h7sydTkn7Ge96RNSjK88D3ZdW0gYSUNIHWYmcimJchUe60d.css]
[www.theaasc.com/sites/g/files/qhldwo11306/files/css/optimized/css_mcmD2HsePsdYw4CtXbUac2AttD8u9FVQ0UTuALpF4hg.vbULMG7-6MVQ0QUYTyd1sHdkaTnOesu1962l6PQmIe0e60d.css]
[www.theaasc.com/sites/g/files/qhldwo11306/files/css/optimized/css_09EDRJHfB8QAml1KsGqnqgraqeSIlZcM1JM7W9zca_M.ofYGCZ7F_qGi0k-lHB0RxXcrLbkjQ9_3C-_tsTo1eC8e60d.css]
[www.theaasc.com/sites/g/files/qhldwo11306/files/css/optimized/css_TLrjrG0UQG_YecTlosOYfSFUExKH0B3R4BVQxFFJX8Q.fJ_WKltan2qOWkVLbiD8KhV8qqIxkMXNrHJ8NIMAKI0e60d.css]
[www.theaasc.com/sites/g/files/qhldwo11306/themes/site/themes/custom/otsuka_ds3_aasc_theme/dist/css/03-organisms/external-link-popup/img/alert.svg]
[www.theaasc.com/sites/g/files/qhldwo11306/files/css/optimized/css_aB6GELN_kyRbFfQ9-K4XdFjU7LzqBPJsARgt1ZbUCJo.NOwoA2f_VzG9KQl7VZCgz--HrjFdF_BIMRLI3MNsn-4e60d.css]
[www.theaasc.com/sites/g/files/qhldwo11306/files/css/optimized/css_gynrR_Pnu9XLWtJquiyeIaJjmhQx0YCHw-CeeZHAZ-M.r22dV5bsuloMyUoTpavKwwqOsE7H23vnDKVGkudi8Eke60d.css]
[www.theaasc.com/sites/g/files/qhldwo11306/files/css/optimized/css_YIDPT-C4tLzIcKPZWLTLc6oOwXkVlAKi2LyK6YQgNLQ.7d_F5X9lW9h1QhNNKOmU4ALQx-pfRMZwxZBoH-eD0eEe60d.css]
[www.theaasc.com/sites/g/files/qhldwo11306/files/css/optimized/css_vM5s8t8qH5GWwdbdTm-OsYN9nB-scBB23xO87qQEb0M.1vnIsRtaQzWMjbVW3KjrdKlO9tult433vTdKYzyEP5ke60d.css]
[www.theaasc.com/sites/g/files/qhldwo11306/files/css/optimized/css_HnKd1iOCKo1XJlmRu4jLLpwgezgnc9sGmzt7HbBkkxI.zf36DXpA5yQK_r0yYSq3nPHmWvfggfmcpfoYKjV07QIe60d.css]
[www.theaasc.com/sites/g/files/qhldwo11306/themes/site/themes/custom/otsuka_ds3_aasc_theme/dist/css/03-organisms/interstitialPopUp/img/chevron-down.svg]
[www.theaasc.com/sites/g/files/qhldwo11306/files/css/optimized/css_eZ6IL1UbAxcZedDnoTsQ6a50lmSHBg97a-9XoEemyDo.9BpF-DpOCydf95AFjMabVJm6wP-xMslZNuX1VEhAShAe60d.css]
[www.theaasc.com/sites/g/files/qhldwo11306/files/css/optimized/css_R_XqgGUxKWJO7uaGB7uffbv2Mpv2vSDKVbvVBPlwl1I.6oRwiw_D51gEzseSIZzBfMQyEQd5UKF8zqDojDn2aaMe60d.css]
[www.theaasc.com/sites/g/files/qhldwo11306/files/css/optimized/css_yBkEvAyvnkMoTpnxFoZu_jHeiVrJQU2QScZqPmNtSHc.nvJXRgP8pmm5fHVRaUKCs_tfzzXWb6UeF9l3Bysx0rce60d.css]
[www.theaasc.com/sites/g/files/qhldwo11306/files/css/optimized/css_rdmrvqJkdZaTl4Sn2E8H59wk9IitQs75s0E987g6tWg.Bw0ILxaQrsk5ET5TVkvSB5XV0vgA6yYoAc8U-pDxXb8e60d.css]
[www.theaasc.com/sites/g/files/qhldwo11306/files/css/optimized/css_z3pnFA_MHFn4-rumt2TL6T0dNtE2BxWqpgCpoafEbb4.oVf_pR_97YDYJaMH-f4aWOYjd6B0m015TW9GcVNmNqMe60d.css]
[www.theaasc.com/sites/g/files/qhldwo11306/files/css/optimized/css_YFQbkMoYG--D6zazeMZrHvvsgUQFtKDqaSvrJpRq3cM.CbbctMG4Gd310U1TWS0z85Cuv7wMdPtfCyP5F6OjV4ge60d.css]
[www.theaasc.com/sites/g/files/qhldwo11306/themes/site/themes/custom/otsuka_ds3_aasc_theme/dist/images/icons/new-window-white.svg]
[www.theaasc.com/sites/g/files/qhldwo11306/files/css/optimized/css_yVi5UxYe2TJpCgnvZWQVfBotJTmdUFr56_hVz4D2u_I.yTpWVJdJa1EpIP1FZ3kO4MLm2W7NLN5fBMzvtkpp4cUe60d.css]
[www.theaasc.com/sites/g/files/qhldwo11306/files/css/optimized/css_T5T_V1k_vvQZhv8VDkaLJfby_fAsc-EtTUus1F8NsyY.z_hiJo1tnwhZmt8DWi1_eTCAwdKH3w7OUz_KX73I0SUe60d.css]
[www.theaasc.com/sites/g/files/qhldwo11306/files/css/optimized/css_9ZSPQokSfzsLmjEog2nuur_PL2ZRNOtIGHt4HE3_L_w.0K-87odiOkd1t0gIlU_S3TJVnK-XNyihlR6M0CqVVGge60d.css]
[www.theaasc.com/sites/g/files/qhldwo11306/files/css/optimized/css_0rsP0mzwr_t8L5jI43bSn_lpnWt3lFDV4DG0yy5k9jQ.Ytk9cFO1wBlGoCP9gVAQv9Cq514vXwgddPT3gn-EEHAe60d.css]
[www.theaasc.com/sites/g/files/qhldwo11306/files/css/optimized/css_4xn5Yt-PTZsPFDNd70AA1K4QINnR58LgSTLF_b0lWMA.GhySRz9r8Xl0Dt9RP9gXqkrHCKgl2tbaD0uJeRzxrVMe60d.css]
[www.theaasc.com/sites/g/files/qhldwo11306/files/css/optimized/css_MTu3t-7A0tMDCy_nyGqjw-X8zB4CclGt0r_-Y0uMn7c.8EI431bwcNoO7wY2DYBsFqD5fFca6ce0QZCCfmMMSzse60d.css]
[www.theaasc.com/sites/g/files/qhldwo11306/themes/site/themes/custom/otsuka_ds3_aasc_theme/dist/css/03-organisms/grid/img/arrow.svg]
[use.typekit.net/xee2ipo.css]
[www.theaasc.com/sites/g/files/qhldwo11306/themes/site/themes/custom/images/icons/arrow-a.svg]
[www.theaasc.com/sites/g/files/qhldwo11306/files/css/optimized/css_KMfUh39T6wGK_tfFtpmlGG9KegLL4ZiqkIkQbRrU3vc.8PxUlgXMZ7inhElJ_DMKn-CgFUJUbBJjBy1ZWkLkdXge60d.css]
[www.theaasc.com/sites/g/files/qhldwo11306/files/css/optimized/css_6IvgR7RnlFUsXw_Zld7zxvQXCt8_1Io13JgyAUrdYVI.CRBvMm5XPooIm6_-_9zXTCLgFs96FMF09MC3WawjF4ke60d.css]
[www.theaasc.com/sites/g/files/qhldwo11306/files/css/optimized/css_bVux--qh43SOJzZrE4gt3MhxnyTyFSaCbv0ZGnStQ1A.K84lL0eVCIty_w1WE9KouJ5V5xpw8xwO51vm4-kYmd0e60d.css]
[www.theaasc.com/hcp/about-aasc.html]
[www.theaasc.com/hcp/agitation-in-alzheimers-dementia.html]
[www.theaasc.com/hcp/aasc-development.html]
[www.theaasc.com/hcp/aasc-screener.html]
[www.theaasc.com/hcp/resources.html]
[www.theaasc.com/sites/g/files/qhldwo11306/files/2024-08/hero-m-hcp.jpg]
[www.theaasc.com/sites/g/files/qhldwo11306/files/2024-08/hero-d-hcp.jpg]
[www.theaasc.com/sites/g/files/qhldwo11306/files/2024-08/callout-group-icon.svg]
[www.theaasc.com/sites/g/files/qhldwo11306/files/2024-08/discussion-on-care-partner-burden_0.jpg]
[cdn.jsdelivr.net/npm/react-player/dist/ReactPlayer.standalone.js]
[www.theaasc.com/sites/g/files/qhldwo11306/files/js/optimized/js_Q9khB1F7LryIKtBmGQjyz11SB-LDvWbHzJHa0CQgkfk.lLMmTJlGzkR9kLZugxAwdVPKf-W-wS7UXEIwNSpA_1Ee60d.js]
[www.theaasc.com/hcp.html]
[www.theaasc.com/sites/g/files/qhldwo11306/files/2024-08/Logo.svg]
[www.theaasc.com/sites/g/files/qhldwo11306/files/css/optimized/css_nbw8AMLpGAFmYIUQg7Rxf6kkOhaB-dZqIrouwnBcoP8.q0a6Qu13RW6qm9FGz1CuO2sYzK2qFpt1tFHCcoDQu2Me60d.css]
[www.theaasc.com/sites/g/files/qhldwo11306/files/css/optimized/css_vrNZRZBSE99TV18er3tDRhHUnxRldK2IAE1raLC6w3w.3HDEAd7_nVLIPulugxP818-VHM8HwEGEerkE_CA0Y4ke60d.css]
[www.theaasc.com/sites/g/files/qhldwo11306/files/css/optimized/css_ATnTJxWQ05aAvpzMjnmvkUcT8O07d-7YSq3U4wTspKA.Kf2v_JDo6O_WH1MS6B8tQSv1HwW0E3MoSeTssh69s2Me60d.css]
[www.theaasc.com/sites/g/files/qhldwo11306/files/css/optimized/css_ScIC736j8xegBGBHozEuNbVuk9taCyQebrDJPF-W10Q.84aFZ4OqU2i4rPBe1zM6YZu2-eq2lGZsx-D8vV9X2O4e60d.css]
[www.theaasc.com/sites/g/files/qhldwo11306/files/2024-08/callout-document-icon.svg]
[www.theaasc.com/sites/g/files/qhldwo11306/files/2024-08/caregivers.png]
[www.theaasc.com/sites/g/files/qhldwo11306/files/2024-08/stylized-icons-question.svg]
[www.theaasc.com/sites/g/files/qhldwo11306/files/2024-08/stylized-icons-note.svg]
[www.theaasc.com/about-aasc.html]
[www.theaasc.com/sites/g/files/qhldwo11306/files/2024-08/background.svg]
[www.theaasc.com/sites/g/files/qhldwo11306/files/css/optimized/css_1eX3zVmM1GCcKs9pHMwtPcmueztMcD62jNAA1o5K8Pw.zfNkRmjMI4ct-GLg-t3kKC9eyj_fe-sPu5jDYMUsngge60d.css]
[www.theaasc.com/sites/g/files/qhldwo11306/files/css/optimized/css_tyjR0v6dG34KQZe2TwdHY4-1MCokhzqjSBFitANioWI.1snkMsCOljAayYinEA2xK01xXR55wI3UYOh1Aw5HzG8e60d.css]
[www.theaasc.com/sites/g/files/qhldwo11306/files/css/optimized/css_SX2UuGhHI1iXB1ZMLCPLg70_XNqcp6UFkTGsEQuOx-U.upxjZD9krYE2r4RgNmkW1j5Do9hiSUUlSGMPaBksptwe60d.css]
[www.theaasc.com/sites/g/files/qhldwo11306/files/css/optimized/css_zertvcYvA_mDF7BNn8Xj6NQuk09yRuWsVRVPDEGvlds.AbpHGcgLb-kRsJGnwFEktk7uzpZOCcBY74-YBdrKVGse60d.css]
[www.theaasc.com/sites/g/files/qhldwo11306/files/css/optimized/css_RcdvBBkt2LrmC1SV55DrcSzB_Jduqcp8CGZmDVhXBcQ.LOaUqMzm8xi-xo832py9PuNnvm4Ji49LkQt1Vy6Txuce60d.css]
[cdnjs.cloudflare.com/ajax/libs/slick-carousel/1.8.1/slick.css]
[cdnjs.cloudflare.com/ajax/libs/slick-carousel/1.8.1/slick-theme.css]
[www.theaasc.com/sites/g/files/qhldwo11306/files/css/optimized/css_emOzZh_CgPwlwmvnFcpKGDjkkzZY7_m8xYJpfhC-Ggs.oVu2KbwNpn9DNlU54P9jp_B2UFZGHXqdiSU4PqDQiCse60d.css]
[www.theaasc.com/sites/g/files/qhldwo11306/files/css/optimized/css_Z-mPsBURs750-A38xQqkEpOV0Q0IV97Vl7aBtn2gGZQ.j726ktFnDFLOkChTo8Lc9O-_8o_rnuyNI3yKnxNKiNEe60d.css]
[www.theaasc.com/sites/g/files/qhldwo11306/files/css/optimized/css_JCxKf-n34Knd6J68JBfQAe9F32iYpfxAZrvCtdD_06s.m5xg8GlXTL2OX35IGh8jUuMiHQNDg-SLYCLBynmQCJEe60d.css]
[www.theaasc.com/sites/g/files/qhldwo11306/files/2024-08/2x_icon.svg]
[www.theaasc.com/sites/g/files/qhldwo11306/files/2024-08/Callout_icon.svg]
[www.theaasc.com/sites/g/files/qhldwo11306/files/2024-08/motor.svg]
[www.theaasc.com/sites/g/files/qhldwo11306/files/2024-08/verbal.svg]
[www.theaasc.com/sites/g/files/qhldwo11306/files/2024-08/physical.svg]
[www.theaasc.com/sites/g/files/qhldwo11306/files/2024-08/3_0.svg]
[www.theaasc.com/sites/g/files/qhldwo11306/files/2024-08/stylized-icons-book.svg]
[www.theaasc.com/sites/g/files/qhldwo11306/files/2024-08/stylized-icons-house.svg]
[www.theaasc.com/sites/g/files/qhldwo11306/files/2024-08/stylized-icons-pharmacy.svg]
[www.theaasc.com/sites/g/files/qhldwo11306/files/js/optimized/js_Au6dV2iZKyWOw_sKgttS0g8bVZViifd4P0Qri30uYbE.HkRJF9hKMhNgx19wsjziMIkuQGMKmlsZQpMIXQskxO0e60d.js]
[www.theaasc.com/sites/g/files/qhldwo11306/files/js/optimized/js_Bh_rSENatoCTroL-GVapq0INft7DPmXKvGAGmoaOwAI.aADVdDYMX2M32BRoK_5Bwq1lzz5vAO0W6AmD8Hqxfuse60d.js]
[www.theaasc.com/sites/g/files/qhldwo11306/files/js/optimized/js_UHQMUj9papSp1hpqklFJ8b6EEJsJGr6fu9vHMZ4r0-I.0btkcPjrXFPJLf24sLN3S7tG_AZ-0kz_1RttrVWP1Nke60d.js]
[www.theaasc.com/sites/g/files/qhldwo11306/files/js/optimized/js_csb_18cHc_rNE48fP0I2d0iMKigQdoyA0-Y3lxEQMBI.Ur7dpyPAGg1iEeiItP0GAGJcjVP1i-L-cO3VEoRz0jEe60d.js]
[cdnjs.cloudflare.com/ajax/libs/slick-carousel/1.8.1/slick.js]
[www.theaasc.com/sites/g/files/qhldwo11306/files/js/optimized/js_X2tL3fNbeFAL4dqVF8ETJIQ4YkSAQgYAKpWVWzm7JDM.m2v8fRbmCqIZ_kVzz_3djhMB8E3Fa31n87gF94LmWvse60d.js]
[www.theaasc.com/sites/g/files/qhldwo11306/files/js/optimized/js_WY8W9txNRPhsDNkCtJvOr6K8xj--5XiVCrSTT4PUAIU.oBMy3Zg5caNzCnfJbLfp3H2sfTdzFDw3uf3TQthEZM4e60d.js]
[www.theaasc.com/agitation-in-alzheimers-dementia.html]
[www.theaasc.com/sites/g/files/qhldwo11306/files/css/optimized/css_iwU4iGgTJLlF8K4DRcl3ci8XNTbtucZDluEvlysiJBE.lRKe3qqr6DY4tDphnG1JSc_cnZagdUQ-99uPjp-Qlbge60d.css]
[www.theaasc.com/sites/g/files/qhldwo11306/files/css/optimized/css_2ZNTRYxsxUZacv-K0mmmqGpwz_ZQHtNUXXAsG9vU7Cc.f9mujk8aaSPbr3rjonhGM3hCTiCuZbfOouQlRe871QQe60d.css]
[www.theaasc.com/sites/g/files/qhldwo11306/files/css/optimized/css_OUlXyLm9iuT9_wLZgZhVbxlUpj6vKX7O7YVxWtmbqBM.BC1Ks04-Cqx7nVmTy2lXYwGkhWNIqe3yeGlfCxWKMx4e60d.css]
[www.theaasc.com/sites/g/files/qhldwo11306/files/2024-08/screener-development.png]
[www.theaasc.com/sites/g/files/qhldwo11306/files/2024-08/Illustration.png]
[www.theaasc.com/aasc-development.html]
[www.theaasc.com/sites/g/files/qhldwo11306/files/css/optimized/css_OrHcSjAubQib1RG2ufGkW-owtpW_jeyKBk-4HEqrWoQ.pYA92qiAPS662AtCQt6lMeZYgkI683UmfkdP-4BIymAe60d.css]
[www.theaasc.com/sites/g/files/qhldwo11306/files/css/optimized/css_xjDNdympdMChKrJAmjtEqlYk94XtTOWZmfqFtQ3fKT0.TvlF2kOuTQbqCYxQJQHQaVU1aQymAsTsxOeAIHYgtxAe60d.css]
[www.theaasc.com/sites/g/files/qhldwo11306/files/css/optimized/css_6V5YbIeNW8KZey-SBUhVseLHVi75EB2j4psclXPz4h4.35sKNYnu_Vq55ShiJj6O61SuVrZ04UGrh0R6iDnY_r4e60d.css]
[www.theaasc.com/sites/g/files/qhldwo11306/files/css/optimized/css_FlE7sgKKwkpnyswSRTBdscYiaOkiH56u3Qkh9Y0FWV0.BUyd7N-dzeNMoDWU2EHEmyDIrHsrs2Tfl5eip9NTJ1ke60d.css]
[www.theaasc.com/sites/g/files/qhldwo11306/files/css/optimized/css_iYDzQ6kOzLHfojX5uYKRfqBUryAz338d-EVoOzU2HyM.K0G__DwdBGCV1zk41eY71vGgjEKFHq0mlpAJ12A-9noe60d.css]
[www.theaasc.com/sites/g/files/qhldwo11306/files/css/optimized/css_deEQN6XpU3RSQE7ALLv20wSeF8CdDTqrmuXqwUsYMG4.waI_VwJjEXcle7xmbVU2BQTu02Ga3pz3WCN5MPghk8Ae60d.css]
[www.theaasc.com/sites/g/files/qhldwo11306/files/css/optimized/css_Rwnoo_baMCm0ue9qQf5s0us8vpe1px-MNgQgrCgAMYo.96TWEyJiRQ2ZZ43KLwmyhpMFEexp2gBg-9seFI3O-2Qe60d.css]
[www.theaasc.com/sites/g/files/qhldwo11306/files/css/optimized/css_GavZNGht7ijdhyT2H0uVGOW6jzBQQomQtyM2TBqrD7Y.r4iDfIND4dCY7dnSlL1atdY6s8BJBn99QeJUpDwSeX4e60d.css]
[www.theaasc.com/sites/g/files/qhldwo11306/files/css/optimized/css_V6iQIpf-C83NZsc_ZHJJ4Q0jrm5R5y5vFIFdUqU6rYw.jljVGWN9UpDBDhlOvibVHSAxjCOZonuvT1tJeWFbkHYe60d.css]
[www.theaasc.com/sites/g/files/qhldwo11306/files/css/optimized/css_fF2I5dfYJnRFkx4Ba4_H9AuWVTfC_b-s5OekQIQhjHQ.L5fXiWzmeK4UJFS3Bu12R6ePSs3Swk389jWZvW8H_XAe60d.css]
[www.theaasc.com/sites/g/files/qhldwo11306/files/css/optimized/css_09LLX3wEOYC9vK4IcQuTkBfwrxQVFLhhUAREYwGvRGA.CTm5gmZ_bMpRE3w9tdhk75PQhDVaaZFkS__JelEBb84e60d.css]
[www.theaasc.com/sites/g/files/qhldwo11306/files/css/optimized/css_Yr636os5GaGuBCPodlgkqN9g_nL1pvHJs1tcf6yszis.GF0x3tjoMD_U0sdqTJyN19YPuOAIm98m32yLF737ucse60d.css]
[www.theaasc.com/sites/g/files/qhldwo11306/files/css/optimized/css_ZLK1vZUalJobqPbcQRSdgxc62n2uq_Ot1d3F3_Ed-GY.jrZk7eEvmjTBJ8HY9yYe_lwEgrl7z1ag2H5wkLbKVgwe60d.css]
[www.theaasc.com/sites/g/files/qhldwo11306/files/css/optimized/css_4V1w9fVjIwDZKd0ZldDrVeiz2jCN6uOvGwB5VLb99N8.zR5hXZ2mF4VQ60vWTOYN1LQoVEpTH-ilMm4oDCIx-yce60d.css]
[www.theaasc.com/sites/g/files/qhldwo11306/files/css/optimized/css__0aqJqKJlgFDPg1r4Bzvet0XesCQ2rRoRqq5SJ6FTkE.4ZwR0v5YpkmODEeTm6BWXB5PYG5MSdvX6t3n_thL6Voe60d.css]
[www.theaasc.com/sites/g/files/qhldwo11306/files/css/optimized/css_P7H2nPczBP4bvbYxBWLqvpWKy_WqZb7fWwfAVAZVc8o.xgbjd-ZujmCeMYDWa6XAg1wPzd53OEMBWBNOw7ZERqQe60d.css]
[www.theaasc.com/sites/g/files/qhldwo11306/files/css/optimized/css_cGAk0uPaWOWVBv2JQl4oECAslvYDgjPk7SsZ1hAm84w.gwuzsangMDVVavWaNS28B0hjJUKoqDUl7ZAC9akiFe0e60d.css]
[www.theaasc.com/sites/g/files/qhldwo11306/files/css/optimized/css_cCtNMz3rB2pOOybOSsDzgIuk_l8yWzVGMQkH3QQ1ww0.4M293TrP7sDw9wIFRkLQSefDJQf65oS2PZTWR3teTEwe60d.css]
[www.theaasc.com/core/assets/vendor/modernizr/modernizr.minad3d.js]
[www.theaasc.com/documents/01US25EUC0200 Agitation in Alzheimer's Screener for Caregivers - AASC Tool.pdf]
[www.theaasc.com/documents/01US24EUC0424 AASC Tool Spanish Translation.pdf]
[www.theaasc.com/documents/01US24EUC0426 AASC Tool Mandarin Translation.pdf]
[www.theaasc.com/documents/01US24EUC0425 AASC Tool Cantonese Translation.pdf]
[www.theaasc.com/sites/g/files/qhldwo11306/files/js/optimized/js_tEHmcBxEtX6BgWeJu5ZD5tm1Q1doD0-qkAYcr82kD4k.ynaH4lVgxzvT_2P4No6c_p66xrTgrBFkNVbFFBpCUA4795c.js]
[www.theaasc.com/sites/g/files/qhldwo11306/files/js/optimized/js_zlo20VYOOfYZofFek2aZfqeW7-4I4EnKhy1r0DXNaj8.7IfozJnZAs3R904IPk7xrwdaj2Mk4mNuyTLjYiVgwSE795c.js]
[www.theaasc.com/sites/g/files/qhldwo11306/files/js/optimized/js_lwW0d8z65OQLQtr857mYRDKe6D-QTQRR2K5vbZvrB9E.WhUy9THVC5xRtcHydydCq5bjQysgnEHKjAoDzrnlQFk795c.js]
[www.theaasc.com/sites/g/files/qhldwo11306/files/js/optimized/js_Y3Fgma6kLF9STKsIS0Enr6DF1fOo_HmqS0aPrMCG3Ow.1xNh7A7UGgC2Q2ItY7BajA4TdT8URgXCzdZvRP9tdwEe0a5.js]
[www.theaasc.com/sites/g/files/qhldwo11306/files/js/optimized/js_mInt7uq3gcjwypQSsXMrrnjDBTS3yZo6IAJDVj5iFxA.hQS0j_o0wLcVGiy14ayAsCDY7_Y-joKlv05VX0u1xpAe60d.js]
[www.theaasc.com/sites/g/files/qhldwo11306/files/js/optimized/js_Bl6e7jhbV_pMNdIb8UwZQZPETEKj7v5QYLCZkvS4YXo.LA12By3jGcC9MnrDkDu_grgDwQrE6tUXEZ4k3aRN4Ice60d.js]
[www.theaasc.com/sites/g/files/qhldwo11306/files/js/optimized/js_j9plyikNvaVlMSH0GVBVrPnYCwjLeEGS23NQfDmA5mI.2vFx_rICGqWIBwpXxkMjjELn8EwnH3YSGCwVz_MYTkQe60d.js]
[www.theaasc.com/sites/g/files/qhldwo11306/files/js/optimized/js_5lyEgtuYzFbknt789sXbvgY6WOEBhn68zCRaGR5wIJc.pydd31qeaVwnZ7zmVFZER7RdslYTSa4L05Z96Bj0rpAfe04.js]
[www.theaasc.com/sites/g/files/qhldwo11306/files/js/optimized/js_1woVuTYaOTc9db19BvtYERQ-r3zrWbaX8Iy9t_Z2qoM.pMTBYmavvxWwegzqwJmMmmYVLsQ3cxiWBi9yq_dxzNMe0a5.js]
[www.theaasc.com/sites/g/files/qhldwo11306/files/js/optimized/js_G8podNJjOsxKvo_RVe4-f79_ME43boCp5OhhwF87kOc.CmHewv09bU-2iMTQUA9fYmgUfGdx8v6eCV0c0HTKVv0fe04.js]
[www.theaasc.com/sites/g/files/qhldwo11306/files/js/optimized/js_RpLV1j1SEgkAOBNxIxvzKXRlefOlhPa03lpGt46bJEg.ipSHo_VRPfgKJstENA8BEd0ZaAk6UUuLrs-5LtKGyFwfe04.js]
[www.theaasc.com/sites/g/files/qhldwo11306/files/js/optimized/js_Gx3M6ZHq_5V923Ht5QKt0YJzvBxqlsPKnbM_QqbDyms.i_Xk7aR8f2sxDZImLPhEFu5RD3t1C5JzSxPPpYROgXcfe04.js]
[www.theaasc.com/sites/g/files/qhldwo11306/files/js/optimized/js_WM8BwJHq4Vp1uM1Z3JiiFnD_sWoZeW5o6fH9TNyMhxY.cP3k3zWXA0WM3ZF5MByFlUY2i4RtHHzF_y0re_FT81gfe04.js]
[www.theaasc.com/sites/g/files/qhldwo11306/files/js/optimized/js_DrW304fuY5nIkcGbpi_YEDngWrbBgG59qXzKkbXajFc.uhBpjfZlPC6AIdjM4USLeIzb5J9RaV-HVYD9rTqBvtkfe04.js]
[www.theaasc.com/sites/g/files/qhldwo11306/files/js/optimized/js_pnMCP3qumXyMYllIplIwmJVByIAuSlzVK89qZhiZdCc.1lPukddA3IZmOo_pdPMFUOJPgzjs9iuFM4BNi5gERpQfe04.js]
[www.theaasc.com/sites/g/files/qhldwo11306/files/js/optimized/js_A1d453tsHCXSm8gB_ZRCA_g6bZAfrJt2JTsJoCXJrss.9hoyyeyVqy6j0t45eyN4gNwxqIdhSdyFGLtkJi6jQEofe04.js]
[www.theaasc.com/sites/g/files/qhldwo11306/files/js/optimized/js_3HUcixNpGX-4-hgYUB8kPa_74c9O_zNcNgv6UMNHVJk.Y6hyKFxIQoRLLz6qwuS-vUmkcqNG_Pbt9HvWNiaqSf8fe04.js]
[www.theaasc.com/sites/g/files/qhldwo11306/files/js/optimized/js_KnxXGkJpHG8kOGHXwfHKXMWAiaWprlfnA_jjmOcIorw.H_L9VURG50AVElsVC8cfNIsvp5KJIIsgwL6m0VHrLUsfe04.js]
[www.theaasc.com/sites/g/files/qhldwo11306/files/js/optimized/js_OEIO6SNO4Py3aIA7kdbQxrCL-oz9XfuG5XYpRwRxzu0.tuLKhgKLGk_lP8Tdn_PnV22d7lSagXaI7AqjUKFMDEEfe04.js]
[www.theaasc.com/sites/g/files/qhldwo11306/files/js/optimized/js_CK8rnR3isPGMaS7xkRFDP_iW2kNPKGge9CwV-KxoBbc.GFBCPjq38qEr13oqKdq2S1m_txzRQc7KOSm2_X4H-bsfe04.js]
[www.theaasc.com/sites/g/files/qhldwo11306/files/js/optimized/js_F1_WGURKgcgU7yO53MIYbYcsI37GpYB4CFB_sidnsNU.Y343nKXKs22iE7_ZcNQCK1ypSYXp30hs9KouxnRijwQfe04.js]
[www.theaasc.com/sites/g/files/qhldwo11306/files/js/optimized/js_r6pJi3g1gHCc_cHa2qvkAduTr4Qyb543fkJPYoPFeNY.T9pixRwtOgPakYoE4akzZdx21lVDbqobidP7kELfUhwfe04.js]
[www.theaasc.com/aasc-screener.html]
[www.theaasc.com/sites/g/files/qhldwo11306/files/js/optimized/js_qG4gBVAnrGarMGMFsVw4G7M_02CUGx-sL2e1rtozIls.O9WIIQk0tFU0q5FM7q8hMnuZlt9O_UxWG3Rm617H1Hgfe04.js]
[www.theaasc.com/sites/g/files/qhldwo11306/files/css/optimized/css_Kmb2GyjsfL8uMr-FoiKk7vXe3IN08iWVsZavJnzf4H4.tLxxt7rhjA_Md-TYpLo-iXLV9IrmcQh-xq6FfXtt1DYe60d.css]
[www.theaasc.com/sites/g/files/qhldwo11306/files/2024-08/Mask group.png]
[www.theaasc.com/20675 Otsuka AASC Brochure d3.pdf]
[www.theaasc.com/sites/g/files/qhldwo11306/files/2024-08/Video (1).png]
[www.theaasc.com/sites/g/files/qhldwo11306/files/2024-08/image 24-min.png]
[www.theaasc.com/sites/g/files/qhldwo11306/files/2024-08/image 23-min.png]
[www.theaasc.com/resources.html]
[www.theaasc.com/sites/g/files/qhldwo11306/files/2024-08/image 23 (1)-min.png]
[www.theaasc.com/sites/g/files/qhldwo11306/themes/site/themes/custom/otsuka_ds3_aasc_theme/dist/icons.svg]
[www.theaasc.com/sites/g/files/qhldwo11306/files/2024-08/neurology-stylized-icon.svg]
[www.theaasc.com/sites/g/files/qhldwo11306/files/2024-08/people-stylized-icon.svg]
[www.theaasc.com/sites/g/files/qhldwo11306/files/2024-08/pain-stylized-icon.svg]
[www.theaasc.com/sites/g/files/qhldwo11306/files/2024-08/callout-head-icon.svg]
[www.theaasc.com/sites/g/files/qhldwo11306/files/2024-08/caregiver.svg]
[www.theaasc.com/sites/g/files/qhldwo11306/files/2024-08/hcp.svg]
[www.theaasc.com/sites/g/files/qhldwo11306/files/2024-08/early-detection.svg]
[www.theaasc.com/sites/g/files/qhldwo11306/files/2024-08/clock.svg]
[www.theaasc.com/sites/g/files/qhldwo11306/files/2024-08/Logo (1).svg]
[www.theaasc.com/cdn-cgi/l/email-protection.html]
[www.theaasc.com/helpers/getObjectProperty.html]
[www.theaasc.com/indexd41d.html]
[www.theaasc.com/core/misc/icons/e32700/error.svg]
[www.theaasc.com/core/misc/icons/e29700/warning.svg]
[www.theaasc.com/core/misc/icons/73b355/check.svg]
[www.theaasc.com/core/misc/icons/787878/twistie-down.svg]
[www.theaasc.com/core/misc/icons/787878/twistie-up.svg]
[www.theaasc.com/modules/custom/otsuka_privacy_compliant_media/img/video-play-btn-mobile.svg]
[www.theaasc.com/modules/custom/otsuka_privacy_compliant_media/img/video-play-btn.svg]
[www.theaasc.com/modules/custom/otsuka_privacy_compliant_media/img/orbita-chat-bubble.svg]
[www.theaasc.com/sites/g/files/qhldwo11306/themes/site/themes/custom/otsuka_ds3_aasc_theme/dist/css/03-organisms/external-link-popup/img/alert.svg]
[www.theaasc.com/sites/g/files/qhldwo11306/themes/site/themes/custom/otsuka_ds3_aasc_theme/dist/css/03-organisms/interstitialPopUp/img/chevron-down.svg]
[www.theaasc.com/sites/g/files/qhldwo11306/themes/site/themes/custom/otsuka_ds3_aasc_theme/dist/images/icons/new-window-white.svg]
[www.theaasc.com/sites/g/files/qhldwo11306/themes/site/themes/custom/otsuka_ds3_aasc_theme/dist/css/03-organisms/grid/img/arrow.svg]
[use.typekit.net/af/b6d362/000000000000000077359517/30/le196]
[use.typekit.net/af/b6d362/000000000000000077359517/30/de196]
[use.typekit.net/af/b6d362/000000000000000077359517/30/ae196]
[use.typekit.net/af/a1a4c3/000000000000000077359516/30/l652f]
[use.typekit.net/af/a1a4c3/000000000000000077359516/30/d652f]
[use.typekit.net/af/a1a4c3/000000000000000077359516/30/a652f]
[use.typekit.net/af/1a2cd8/00000000000000007735951c/30/lfdcc]
[use.typekit.net/af/1a2cd8/00000000000000007735951c/30/dfdcc]
[use.typekit.net/af/1a2cd8/00000000000000007735951c/30/afdcc]
[use.typekit.net/af/246f16/00000000000000007735951e/30/le265]
[use.typekit.net/af/246f16/00000000000000007735951e/30/de265]
[use.typekit.net/af/246f16/00000000000000007735951e/30/ae265]
[use.typekit.net/xee2ipo.css]
[www.theaasc.com/sites/g/files/qhldwo11306/themes/site/themes/custom/images/icons/arrow-a.html]
[www.theaasc.com/sites/g/files/qhldwo11306/files/css/optimized/css_6IvgR7RnlFUsXw_Zld7zxvQXCt8_1Io13JgyAUrdYVI.CRBvMm5XPooIm6_-_9zXTCLgFs96FMF09MC3WawjF4ke60d.css]
[www.theaasc.com/sites/g/files/qhldwo11306/files/css/optimized/css_bVux--qh43SOJzZrE4gt3MhxnyTyFSaCbv0ZGnStQ1A.K84lL0eVCIty_w1WE9KouJ5V5xpw8xwO51vm4-kYmd0e60d.css]
[www.theaasc.com/sites/g/files/qhldwo11306/themes/site/themes/custom/otsuka_ds3_aasc_theme/dist/css/03-organisms/video/videoReact/img/icon-video-play.svg]
[www.theaasc.com/sites/g/files/qhldwo11306/files/css/optimized/css_zI2K7RYTARQxxa7ajeFPpqibKVRcAAXxo07cxjGhIyk.OnXSuxdWiZWAwoMJYYEvQAQqNp2j3lvTn7lek7BLX18e60d.css]
[www.theaasc.com/hcp/about-aasc.html]
[www.theaasc.com/sites/g/files/qhldwo11306/files/css/optimized/css_CDuQIC8psPQZ_6tnLY7hw8kNwsaW9r6nbn5DQV8hERI.33VGcFjnl-wzYz_JuDcr8zYVVxL9JRojno3QhSIi4vEe60d.css]
[www.theaasc.com/sites/g/files/qhldwo11306/files/css/optimized/css_aYCRPgFkGu-D4_VVLjrjnGqTp9gu7pMiX-LbN_Z1ndg.Yc6PVoKG7jsLL3pBNScmPA2EQsC3Lh2sGLPD-GAyMw4e60d.css]
[www.theaasc.com/sites/g/files/qhldwo11306/files/css/optimized/css_pZiIx4KPa8N08vHvc9T_wzQrbw9wnyNww02b3FfL6vI.LfeP-wRdilnGkbzgnFuqoHzbpRQpRSqcKwztKks7tGse60d.css]
[www.theaasc.com/sites/g/files/qhldwo11306/files/css/optimized/css_1rDD6hl88L39JIGrmuss8Agh9PURrxPcuUFy7mOE97g.7pnq49pq3qDIv0J612d9Yh1TeLbPvkC4a-Br30vCgGoe60d.css]
[www.theaasc.com/sites/g/files/qhldwo11306/files/2024-08/stylized-icons-patients.svg]
[www.theaasc.com/sites/g/files/qhldwo11306/files/2024-08/stylized-icons-hospital.svg]
[www.theaasc.com/sites/g/files/qhldwo11306/files/2024-08/Callout_icon_0.svg]
[www.theaasc.com/sites/g/files/qhldwo11306/files/2024-08/5.1-m-hcp-min.jpg]
[www.theaasc.com/sites/g/files/qhldwo11306/files/2024-08/5.1-d-hcp-min.jpg]
[www.theaasc.com/sites/g/files/qhldwo11306/files/2024-08/5.2-m-hcp-min.jpg]
[www.theaasc.com/sites/g/files/qhldwo11306/files/2024-08/5.2.1-m-hcp-min.png]
[www.theaasc.com/sites/g/files/qhldwo11306/files/2024-08/5.2.2-m-hcp-min.png]
[www.theaasc.com/sites/g/files/qhldwo11306/files/2024-08/5.2-d-hcp-min.jpg]
[www.theaasc.com/sites/g/files/qhldwo11306/files/2024-08/5.2.1-d-hcp-min.png]
[www.theaasc.com/sites/g/files/qhldwo11306/files/2024-08/5.2.2-d-hcp-min.png]
[www.theaasc.com/sites/g/files/qhldwo11306/files/2024-08/video-preview.jpg]
[www.theaasc.com/sites/g/files/qhldwo11306/files/2024-08/stylized-icons-group.svg]
[www.theaasc.com/sites/g/files/qhldwo11306/files/2024-08/other.svg]
[www.theaasc.com/sites/g/files/qhldwo11306/files/2024-08/Frame 2911784 (1)_0.svg]
[www.theaasc.com/sites/g/files/qhldwo11306/files/2024-08/Scoring scale.svg]
[www.theaasc.com/sites/g/files/qhldwo11306/files/js/optimized/js_nMqumgqAqY8rl8bFELQdhLFsKxQ575q-Mty_-_HJQWQ.oDYqOOx1_OcKZze4ONwEaqxGzyHvlJ_cYZuzSs71Xtwe60d.js]
[www.theaasc.com/hcp/agitation-in-alzheimers-dementia.html]
[www.theaasc.com/hcp/aasc-development.html]
[www.theaasc.com/hcp/aasc-screener.html]
[www.theaasc.com/hcp/resources.html]
[www.theaasc.com/sites/g/files/qhldwo11306/files/2024-08/callout-group-icon.svg]
[www.theaasc.com/sites/g/files/qhldwo11306/files/css/optimized/css_nbw8AMLpGAFmYIUQg7Rxf6kkOhaB-dZqIrouwnBcoP8.q0a6Qu13RW6qm9FGz1CuO2sYzK2qFpt1tFHCcoDQu2Me60d.css]
[www.theaasc.com/sites/g/files/qhldwo11306/files/css/optimized/css_vrNZRZBSE99TV18er3tDRhHUnxRldK2IAE1raLC6w3w.3HDEAd7_nVLIPulugxP818-VHM8HwEGEerkE_CA0Y4ke60d.css]
[www.theaasc.com/sites/g/files/qhldwo11306/files/css/optimized/css_ATnTJxWQ05aAvpzMjnmvkUcT8O07d-7YSq3U4wTspKA.Kf2v_JDo6O_WH1MS6B8tQSv1HwW0E3MoSeTssh69s2Me60d.css]
[www.theaasc.com/sites/g/files/qhldwo11306/files/css/optimized/css_ScIC736j8xegBGBHozEuNbVuk9taCyQebrDJPF-W10Q.84aFZ4OqU2i4rPBe1zM6YZu2-eq2lGZsx-D8vV9X2O4e60d.css]
[www.theaasc.com/sites/g/files/qhldwo11306/files/2024-08/callout-document-icon.svg]
[www.theaasc.com/sites/g/files/qhldwo11306/files/2024-08/stylized-icons-question.svg]
[www.theaasc.com/sites/g/files/qhldwo11306/files/2024-08/stylized-icons-note.svg]
[www.theaasc.com/sites/g/files/qhldwo11306/files/2024-08/background.svg]
[www.theaasc.com/sites/g/files/qhldwo11306/themes/site/themes/custom/otsuka_ds3_aasc_theme/dist/css/03-organisms/what_is_aasc/img/arrow.svg]
[www.theaasc.com/sites/g/files/qhldwo11306/files/css/optimized/css_1eX3zVmM1GCcKs9pHMwtPcmueztMcD62jNAA1o5K8Pw.zfNkRmjMI4ct-GLg-t3kKC9eyj_fe-sPu5jDYMUsngge60d.css]
[www.theaasc.com/sites/g/files/qhldwo11306/files/css/optimized/css_tyjR0v6dG34KQZe2TwdHY4-1MCokhzqjSBFitANioWI.1snkMsCOljAayYinEA2xK01xXR55wI3UYOh1Aw5HzG8e60d.css]
[www.theaasc.com/sites/g/files/qhldwo11306/files/css/optimized/css_SX2UuGhHI1iXB1ZMLCPLg70_XNqcp6UFkTGsEQuOx-U.upxjZD9krYE2r4RgNmkW1j5Do9hiSUUlSGMPaBksptwe60d.css]
[www.theaasc.com/sites/g/files/qhldwo11306/files/css/optimized/css_zertvcYvA_mDF7BNn8Xj6NQuk09yRuWsVRVPDEGvlds.AbpHGcgLb-kRsJGnwFEktk7uzpZOCcBY74-YBdrKVGse60d.css]
[www.theaasc.com/sites/g/files/qhldwo11306/themes/site/themes/custom/otsuka_ds3_aasc_theme/dist/css/03-organisms/collapsible_table/img/close.svg]
[www.theaasc.com/sites/g/files/qhldwo11306/themes/site/themes/custom/otsuka_ds3_aasc_theme/dist/css/03-organisms/nice_tabs/img/i1.svg]
[www.theaasc.com/sites/g/files/qhldwo11306/themes/site/themes/custom/otsuka_ds3_aasc_theme/dist/css/03-organisms/nice_tabs/img/i2.svg]
[www.theaasc.com/sites/g/files/qhldwo11306/themes/site/themes/custom/otsuka_ds3_aasc_theme/dist/css/03-organisms/nice_tabs/img/i3.svg]
[www.theaasc.com/sites/g/files/qhldwo11306/themes/site/themes/custom/otsuka_ds3_aasc_theme/dist/css/03-organisms/nice_tabs/img/i4.svg]
[www.theaasc.com/sites/g/files/qhldwo11306/themes/site/themes/custom/otsuka_ds3_aasc_theme/dist/css/03-organisms/nice_tabs/img/i5.svg]
[www.theaasc.com/sites/g/files/qhldwo11306/themes/site/themes/custom/otsuka_ds3_aasc_theme/dist/css/03-organisms/nice_tabs/img/i6.svg]
[www.theaasc.com/sites/g/files/qhldwo11306/themes/site/themes/custom/otsuka_ds3_aasc_theme/dist/css/03-organisms/nice_tabs/img/i7.svg]
[www.theaasc.com/sites/g/files/qhldwo11306/themes/site/themes/custom/otsuka_ds3_aasc_theme/dist/css/03-organisms/nice_tabs/img/i8.svg]
[www.theaasc.com/sites/g/files/qhldwo11306/themes/site/themes/custom/otsuka_ds3_aasc_theme/dist/css/03-organisms/nice_tabs/img/i9.svg]
[www.theaasc.com/sites/g/files/qhldwo11306/themes/site/themes/custom/otsuka_ds3_aasc_theme/dist/css/03-organisms/nice_tabs/img/i10.svg]
[www.theaasc.com/sites/g/files/qhldwo11306/themes/site/themes/custom/otsuka_ds3_aasc_theme/dist/css/03-organisms/nice_tabs/img/i11.svg]
[www.theaasc.com/sites/g/files/qhldwo11306/themes/site/themes/custom/otsuka_ds3_aasc_theme/dist/css/03-organisms/nice_tabs/img/i12.svg]
[www.theaasc.com/sites/g/files/qhldwo11306/themes/site/themes/custom/otsuka_ds3_aasc_theme/dist/css/03-organisms/nice_tabs/img/i13.svg]
[www.theaasc.com/sites/g/files/qhldwo11306/themes/site/themes/custom/otsuka_ds3_aasc_theme/dist/css/03-organisms/nice_tabs/img/i14.svg]
[www.theaasc.com/sites/g/files/qhldwo11306/themes/site/themes/custom/otsuka_ds3_aasc_theme/dist/css/03-organisms/nice_tabs/img/i15.svg]
[www.theaasc.com/sites/g/files/qhldwo11306/themes/site/themes/custom/otsuka_ds3_aasc_theme/dist/css/03-organisms/nice_tabs/img/i16.svg]
[www.theaasc.com/sites/g/files/qhldwo11306/themes/site/themes/custom/otsuka_ds3_aasc_theme/dist/css/03-organisms/nice_tabs/img/i17.svg]
[www.theaasc.com/sites/g/files/qhldwo11306/themes/site/themes/custom/otsuka_ds3_aasc_theme/dist/css/03-organisms/nice_tabs/img/i18.svg]
[www.theaasc.com/sites/g/files/qhldwo11306/themes/site/themes/custom/otsuka_ds3_aasc_theme/dist/css/03-organisms/nice_tabs/img/i19.svg]
[www.theaasc.com/sites/g/files/qhldwo11306/themes/site/themes/custom/otsuka_ds3_aasc_theme/dist/css/03-organisms/nice_tabs/img/i20.svg]
[www.theaasc.com/sites/g/files/qhldwo11306/themes/site/themes/custom/otsuka_ds3_aasc_theme/dist/css/03-organisms/nice_tabs/img/bg1.svg]
[www.theaasc.com/sites/g/files/qhldwo11306/files/css/optimized/css_RcdvBBkt2LrmC1SV55DrcSzB_Jduqcp8CGZmDVhXBcQ.LOaUqMzm8xi-xo832py9PuNnvm4Ji49LkQt1Vy6Txuce60d.css]
[cdnjs.cloudflare.com/ajax/libs/slick-carousel/1.8.1/slick.css]
[www.theaasc.com/sites/g/files/qhldwo11306/themes/site/themes/custom/otsuka_ds3_aasc_theme/dist/css/03-organisms/nice_tabs/img/bg2.svg]
[cdnjs.cloudflare.com/ajax/libs/slick-carousel/1.8.1/ajax-loader.gif]
[cdnjs.cloudflare.com/ajax/libs/slick-carousel/1.8.1/fonts/slick.eot]
[cdnjs.cloudflare.com/ajax/libs/slick-carousel/1.8.1/fonts/slickd41d.eot]
[cdnjs.cloudflare.com/ajax/libs/slick-carousel/1.8.1/fonts/slick.woff]
[cdnjs.cloudflare.com/ajax/libs/slick-carousel/1.8.1/fonts/slick.ttf]
[cdnjs.cloudflare.com/ajax/libs/slick-carousel/1.8.1/fonts/slick.svg]
[cdnjs.cloudflare.com/ajax/libs/slick-carousel/1.8.1/slick-theme.css]
[www.theaasc.com/sites/g/files/qhldwo11306/files/css/optimized/css_emOzZh_CgPwlwmvnFcpKGDjkkzZY7_m8xYJpfhC-Ggs.oVu2KbwNpn9DNlU54P9jp_B2UFZGHXqdiSU4PqDQiCse60d.css]
[www.theaasc.com/sites/g/files/qhldwo11306/files/css/optimized/css_Z-mPsBURs750-A38xQqkEpOV0Q0IV97Vl7aBtn2gGZQ.j726ktFnDFLOkChTo8Lc9O-_8o_rnuyNI3yKnxNKiNEe60d.css]
[www.theaasc.com/sites/g/files/qhldwo11306/files/css/optimized/css_JCxKf-n34Knd6J68JBfQAe9F32iYpfxAZrvCtdD_06s.m5xg8GlXTL2OX35IGh8jUuMiHQNDg-SLYCLBynmQCJEe60d.css]
[www.theaasc.com/sites/g/files/qhldwo11306/files/2024-08/2x_icon.svg]
[www.theaasc.com/sites/g/files/qhldwo11306/files/2024-08/Callout_icon.svg]
[www.theaasc.com/sites/g/files/qhldwo11306/files/2024-08/motor.svg]
[www.theaasc.com/sites/g/files/qhldwo11306/files/2024-08/verbal.svg]
[www.theaasc.com/sites/g/files/qhldwo11306/files/2024-08/physical.svg]
[www.theaasc.com/sites/g/files/qhldwo11306/files/2024-08/3_0.svg]
[www.theaasc.com/sites/g/files/qhldwo11306/files/2024-08/stylized-icons-book.svg]
[www.theaasc.com/sites/g/files/qhldwo11306/files/2024-08/stylized-icons-house.svg]
[www.theaasc.com/sites/g/files/qhldwo11306/files/2024-08/stylized-icons-pharmacy.svg]
[www.theaasc.com/sites/g/files/qhldwo11306/files/css/optimized/css_iwU4iGgTJLlF8K4DRcl3ci8XNTbtucZDluEvlysiJBE.lRKe3qqr6DY4tDphnG1JSc_cnZagdUQ-99uPjp-Qlbge60d.css]
[www.theaasc.com/sites/g/files/qhldwo11306/themes/site/themes/custom/otsuka_ds3_aasc_theme/dist/css/03-organisms/phases/img/arrow-m.svg]
[www.theaasc.com/sites/g/files/qhldwo11306/files/css/optimized/css_2ZNTRYxsxUZacv-K0mmmqGpwz_ZQHtNUXXAsG9vU7Cc.f9mujk8aaSPbr3rjonhGM3hCTiCuZbfOouQlRe871QQe60d.css]
[www.theaasc.com/sites/g/files/qhldwo11306/files/css/optimized/css_OUlXyLm9iuT9_wLZgZhVbxlUpj6vKX7O7YVxWtmbqBM.BC1Ks04-Cqx7nVmTy2lXYwGkhWNIqe3yeGlfCxWKMx4e60d.css]
[www.theaasc.com/sites/g/files/qhldwo11306/files/css/optimized/css_OrHcSjAubQib1RG2ufGkW-owtpW_jeyKBk-4HEqrWoQ.pYA92qiAPS662AtCQt6lMeZYgkI683UmfkdP-4BIymAe60d.css]
[www.theaasc.com/sites/g/files/qhldwo11306/themes/site/themes/custom/otsuka_ds3_aasc_theme/dist/css/03-organisms/phases/img/arrow-d.svg]
[www.theaasc.com/core/misc/throbber-active.gif]
[www.theaasc.com/core/misc/loading-small.gif]
[www.theaasc.com/sites/g/files/qhldwo11306/files/css/optimized/css_xjDNdympdMChKrJAmjtEqlYk94XtTOWZmfqFtQ3fKT0.TvlF2kOuTQbqCYxQJQHQaVU1aQymAsTsxOeAIHYgtxAe60d.css]
[www.theaasc.com/sites/g/files/qhldwo11306/files/css/optimized/css_6V5YbIeNW8KZey-SBUhVseLHVi75EB2j4psclXPz4h4.35sKNYnu_Vq55ShiJj6O61SuVrZ04UGrh0R6iDnY_r4e60d.css]
[www.theaasc.com/sites/g/files/qhldwo11306/files/css/optimized/css_FlE7sgKKwkpnyswSRTBdscYiaOkiH56u3Qkh9Y0FWV0.BUyd7N-dzeNMoDWU2EHEmyDIrHsrs2Tfl5eip9NTJ1ke60d.css]
[www.theaasc.com/sites/g/files/qhldwo11306/files/css/optimized/css_iYDzQ6kOzLHfojX5uYKRfqBUryAz338d-EVoOzU2HyM.K0G__DwdBGCV1zk41eY71vGgjEKFHq0mlpAJ12A-9noe60d.css]
[www.theaasc.com/sites/g/files/qhldwo11306/files/css/optimized/css_deEQN6XpU3RSQE7ALLv20wSeF8CdDTqrmuXqwUsYMG4.waI_VwJjEXcle7xmbVU2BQTu02Ga3pz3WCN5MPghk8Ae60d.css]
[www.theaasc.com/sites/g/files/qhldwo11306/files/css/optimized/css_Rwnoo_baMCm0ue9qQf5s0us8vpe1px-MNgQgrCgAMYo.96TWEyJiRQ2ZZ43KLwmyhpMFEexp2gBg-9seFI3O-2Qe60d.css]
[www.theaasc.com/sites/g/files/qhldwo11306/files/css/optimized/css_GavZNGht7ijdhyT2H0uVGOW6jzBQQomQtyM2TBqrD7Y.r4iDfIND4dCY7dnSlL1atdY6s8BJBn99QeJUpDwSeX4e60d.css]
[www.theaasc.com/sites/g/files/qhldwo11306/files/css/optimized/css_V6iQIpf-C83NZsc_ZHJJ4Q0jrm5R5y5vFIFdUqU6rYw.jljVGWN9UpDBDhlOvibVHSAxjCOZonuvT1tJeWFbkHYe60d.css]
[www.theaasc.com/sites/g/files/qhldwo11306/files/css/optimized/css_fF2I5dfYJnRFkx4Ba4_H9AuWVTfC_b-s5OekQIQhjHQ.L5fXiWzmeK4UJFS3Bu12R6ePSs3Swk389jWZvW8H_XAe60d.css]
[www.theaasc.com/sites/g/files/qhldwo11306/files/css/optimized/css_09LLX3wEOYC9vK4IcQuTkBfwrxQVFLhhUAREYwGvRGA.CTm5gmZ_bMpRE3w9tdhk75PQhDVaaZFkS__JelEBb84e60d.css]
[www.theaasc.com/sites/g/files/qhldwo11306/files/css/optimized/css_Yr636os5GaGuBCPodlgkqN9g_nL1pvHJs1tcf6yszis.GF0x3tjoMD_U0sdqTJyN19YPuOAIm98m32yLF737ucse60d.css]
[www.theaasc.com/modules/contrib/jquery_ui/assets/vendor/jquery.ui/themes/base/images/ui-icons_444444_256x240.png]
[www.theaasc.com/modules/contrib/jquery_ui/assets/vendor/jquery.ui/themes/base/images/ui-icons_555555_256x240.png]
[www.theaasc.com/modules/contrib/jquery_ui/assets/vendor/jquery.ui/themes/base/images/ui-icons_ffffff_256x240.png]
[www.theaasc.com/modules/contrib/jquery_ui/assets/vendor/jquery.ui/themes/base/images/ui-icons_777620_256x240.png]
[www.theaasc.com/modules/contrib/jquery_ui/assets/vendor/jquery.ui/themes/base/images/ui-icons_cc0000_256x240.png]
[www.theaasc.com/modules/contrib/jquery_ui/assets/vendor/jquery.ui/themes/base/images/ui-icons_777777_256x240.png]
[www.theaasc.com/sites/g/files/qhldwo11306/files/css/optimized/css_ZLK1vZUalJobqPbcQRSdgxc62n2uq_Ot1d3F3_Ed-GY.jrZk7eEvmjTBJ8HY9yYe_lwEgrl7z1ag2H5wkLbKVgwe60d.css]
[www.theaasc.com/sites/g/files/qhldwo11306/themes/site/themes/custom/otsuka_ds3_aasc_theme/dist/images/datepicker-arrow.png]
[www.theaasc.com/sites/g/files/qhldwo11306/themes/site/themes/custom/otsuka_ds3_aasc_theme/dist/images/chevron.png]
[www.theaasc.com/sites/g/files/qhldwo11306/files/css/optimized/css_4V1w9fVjIwDZKd0ZldDrVeiz2jCN6uOvGwB5VLb99N8.zR5hXZ2mF4VQ60vWTOYN1LQoVEpTH-ilMm4oDCIx-yce60d.css]
[www.theaasc.com/sites/g/files/qhldwo11306/files/css/optimized/css__0aqJqKJlgFDPg1r4Bzvet0XesCQ2rRoRqq5SJ6FTkE.4ZwR0v5YpkmODEeTm6BWXB5PYG5MSdvX6t3n_thL6Voe60d.css]
[www.theaasc.com/sites/g/files/qhldwo11306/files/css/optimized/css_P7H2nPczBP4bvbYxBWLqvpWKy_WqZb7fWwfAVAZVc8o.xgbjd-ZujmCeMYDWa6XAg1wPzd53OEMBWBNOw7ZERqQe60d.css]
[www.theaasc.com/sites/g/files/qhldwo11306/files/css/optimized/css_cGAk0uPaWOWVBv2JQl4oECAslvYDgjPk7SsZ1hAm84w.gwuzsangMDVVavWaNS28B0hjJUKoqDUl7ZAC9akiFe0e60d.css]
[www.theaasc.com/sites/g/files/qhldwo11306/themes/site/themes/custom/otsuka_ds3_aasc_theme/dist/css/02-molecules/modal/img/close.svg]
[www.theaasc.com/sites/g/files/qhldwo11306/files/css/optimized/css_cCtNMz3rB2pOOybOSsDzgIuk_l8yWzVGMQkH3QQ1ww0.4M293TrP7sDw9wIFRkLQSefDJQf65oS2PZTWR3teTEwe60d.css]
[www.theaasc.com/sites/g/files/qhldwo11306/files/css/optimized/css_Kmb2GyjsfL8uMr-FoiKk7vXe3IN08iWVsZavJnzf4H4.tLxxt7rhjA_Md-TYpLo-iXLV9IrmcQh-xq6FfXtt1DYe60d.css]
[p.typekit.net/pe4e8.css]
[www.theaasc.com/sites/g/files/qhldwo11306/themes/site/themes/custom/otsuka_ds3_aasc_theme/dist/images/icons/arrow-long-right.svg]
[www.theaasc.com/sites/g/files/qhldwo11306/themes/site/themes/custom/otsuka_ds3_aasc_theme/dist/css/03-organisms/video/videoReact/img/icon-video-play.svg]
[www.theaasc.com/sites/g/files/qhldwo11306/themes/site/themes/custom/otsuka_ds3_aasc_theme/dist/css/03-organisms/steps_complex/img/top-mobile.png]
[www.theaasc.com/sites/g/files/qhldwo11306/themes/site/themes/custom/otsuka_ds3_aasc_theme/dist/css/03-organisms/steps_complex/img/bottom-mobile.png]
[www.theaasc.com/sites/g/files/qhldwo11306/themes/site/themes/custom/otsuka_ds3_aasc_theme/dist/css/03-organisms/steps_complex/img/arrow.svg]
[www.theaasc.com/sites/g/files/qhldwo11306/themes/site/themes/custom/otsuka_ds3_aasc_theme/dist/css/03-organisms/steps_complex/img/left.png]
[www.theaasc.com/sites/g/files/qhldwo11306/themes/site/themes/custom/otsuka_ds3_aasc_theme/dist/css/03-organisms/steps_complex/img/right.png]
[www.theaasc.com/sites/g/files/qhldwo11306/files/css/optimized/css_zI2K7RYTARQxxa7ajeFPpqibKVRcAAXxo07cxjGhIyk.OnXSuxdWiZWAwoMJYYEvQAQqNp2j3lvTn7lek7BLX18e60d.css]
[www.theaasc.com/sites/g/files/qhldwo11306/files/css/optimized/css_CDuQIC8psPQZ_6tnLY7hw8kNwsaW9r6nbn5DQV8hERI.33VGcFjnl-wzYz_JuDcr8zYVVxL9JRojno3QhSIi4vEe60d.css]
[www.theaasc.com/sites/g/files/qhldwo11306/files/css/optimized/css_aYCRPgFkGu-D4_VVLjrjnGqTp9gu7pMiX-LbN_Z1ndg.Yc6PVoKG7jsLL3pBNScmPA2EQsC3Lh2sGLPD-GAyMw4e60d.css]
[www.theaasc.com/sites/g/files/qhldwo11306/files/css/optimized/css_pZiIx4KPa8N08vHvc9T_wzQrbw9wnyNww02b3FfL6vI.LfeP-wRdilnGkbzgnFuqoHzbpRQpRSqcKwztKks7tGse60d.css]
[www.theaasc.com/sites/g/files/qhldwo11306/files/css/optimized/css_1rDD6hl88L39JIGrmuss8Agh9PURrxPcuUFy7mOE97g.7pnq49pq3qDIv0J612d9Yh1TeLbPvkC4a-Br30vCgGoe60d.css]
[www.theaasc.com/sites/g/files/qhldwo11306/files/2024-08/stylized-icons-patients.svg]
[www.theaasc.com/sites/g/files/qhldwo11306/files/2024-08/stylized-icons-hospital.svg]
[www.theaasc.com/sites/g/files/qhldwo11306/files/2024-08/Callout_icon_0.svg]
[www.theaasc.com/sites/g/files/qhldwo11306/files/2024-08/stylized-icons-group.svg]
[www.theaasc.com/sites/g/files/qhldwo11306/files/2024-08/other.svg]
[www.theaasc.com/sites/g/files/qhldwo11306/files/2024-08/Frame 2911784 (1)_0.svg]
[www.theaasc.com/sites/g/files/qhldwo11306/files/2024-08/Scoring scale.svg]
[www.theaasc.com/sites/g/files/qhldwo11306/themes/site/themes/custom/otsuka_ds3_aasc_theme/dist/css/03-organisms/what_is_aasc/img/arrow.svg]
[www.theaasc.com/sites/g/files/qhldwo11306/themes/site/themes/custom/otsuka_ds3_aasc_theme/dist/css/03-organisms/collapsible_table/img/close.svg]
[www.theaasc.com/sites/g/files/qhldwo11306/themes/site/themes/custom/otsuka_ds3_aasc_theme/dist/css/03-organisms/nice_tabs/img/i1.svg]
[www.theaasc.com/sites/g/files/qhldwo11306/themes/site/themes/custom/otsuka_ds3_aasc_theme/dist/css/03-organisms/nice_tabs/img/i2.svg]
[www.theaasc.com/sites/g/files/qhldwo11306/themes/site/themes/custom/otsuka_ds3_aasc_theme/dist/css/03-organisms/nice_tabs/img/i3.svg]
[www.theaasc.com/sites/g/files/qhldwo11306/themes/site/themes/custom/otsuka_ds3_aasc_theme/dist/css/03-organisms/nice_tabs/img/i4.svg]
[www.theaasc.com/sites/g/files/qhldwo11306/themes/site/themes/custom/otsuka_ds3_aasc_theme/dist/css/03-organisms/nice_tabs/img/i5.svg]
[www.theaasc.com/sites/g/files/qhldwo11306/themes/site/themes/custom/otsuka_ds3_aasc_theme/dist/css/03-organisms/nice_tabs/img/i6.svg]
[www.theaasc.com/sites/g/files/qhldwo11306/themes/site/themes/custom/otsuka_ds3_aasc_theme/dist/css/03-organisms/nice_tabs/img/i7.svg]
[www.theaasc.com/sites/g/files/qhldwo11306/themes/site/themes/custom/otsuka_ds3_aasc_theme/dist/css/03-organisms/nice_tabs/img/i8.svg]
[www.theaasc.com/sites/g/files/qhldwo11306/themes/site/themes/custom/otsuka_ds3_aasc_theme/dist/css/03-organisms/nice_tabs/img/i9.svg]
[www.theaasc.com/sites/g/files/qhldwo11306/themes/site/themes/custom/otsuka_ds3_aasc_theme/dist/css/03-organisms/nice_tabs/img/i10.svg]
[www.theaasc.com/sites/g/files/qhldwo11306/themes/site/themes/custom/otsuka_ds3_aasc_theme/dist/css/03-organisms/nice_tabs/img/i11.svg]
[www.theaasc.com/sites/g/files/qhldwo11306/themes/site/themes/custom/otsuka_ds3_aasc_theme/dist/css/03-organisms/nice_tabs/img/i12.svg]
[www.theaasc.com/sites/g/files/qhldwo11306/themes/site/themes/custom/otsuka_ds3_aasc_theme/dist/css/03-organisms/nice_tabs/img/i13.svg]
[www.theaasc.com/sites/g/files/qhldwo11306/themes/site/themes/custom/otsuka_ds3_aasc_theme/dist/css/03-organisms/nice_tabs/img/i14.svg]
[www.theaasc.com/sites/g/files/qhldwo11306/themes/site/themes/custom/otsuka_ds3_aasc_theme/dist/css/03-organisms/nice_tabs/img/i15.svg]
[www.theaasc.com/sites/g/files/qhldwo11306/themes/site/themes/custom/otsuka_ds3_aasc_theme/dist/css/03-organisms/nice_tabs/img/i16.svg]
[www.theaasc.com/sites/g/files/qhldwo11306/themes/site/themes/custom/otsuka_ds3_aasc_theme/dist/css/03-organisms/nice_tabs/img/i17.svg]
[www.theaasc.com/sites/g/files/qhldwo11306/themes/site/themes/custom/otsuka_ds3_aasc_theme/dist/css/03-organisms/nice_tabs/img/i18.svg]
[www.theaasc.com/sites/g/files/qhldwo11306/themes/site/themes/custom/otsuka_ds3_aasc_theme/dist/css/03-organisms/nice_tabs/img/i19.svg]
[www.theaasc.com/sites/g/files/qhldwo11306/themes/site/themes/custom/otsuka_ds3_aasc_theme/dist/css/03-organisms/nice_tabs/img/i20.svg]
[www.theaasc.com/sites/g/files/qhldwo11306/themes/site/themes/custom/otsuka_ds3_aasc_theme/dist/css/03-organisms/nice_tabs/img/bg1.svg]
[www.theaasc.com/sites/g/files/qhldwo11306/themes/site/themes/custom/otsuka_ds3_aasc_theme/dist/css/03-organisms/nice_tabs/img/bg2.svg]
[cdnjs.cloudflare.com/ajax/libs/slick-carousel/1.8.1/fonts/slick.svg]
[www.theaasc.com/sites/g/files/qhldwo11306/themes/site/themes/custom/otsuka_ds3_aasc_theme/dist/css/03-organisms/phases/img/arrow-m.svg]
[www.theaasc.com/sites/g/files/qhldwo11306/themes/site/themes/custom/otsuka_ds3_aasc_theme/dist/css/03-organisms/phases/img/arrow-d.svg]
[www.theaasc.com/sites/g/files/qhldwo11306/themes/site/themes/custom/otsuka_ds3_aasc_theme/dist/images/datepicker-arrow.html]
[www.theaasc.com/sites/g/files/qhldwo11306/themes/site/themes/custom/otsuka_ds3_aasc_theme/dist/images/chevron.html]
[www.theaasc.com/sites/g/files/qhldwo11306/themes/site/themes/custom/otsuka_ds3_aasc_theme/dist/css/02-molecules/modal/img/close.svg]
[www.theaasc.com/sites/g/files/qhldwo11306/themes/site/themes/custom/otsuka_ds3_aasc_theme/dist/images/icons/arrow-long-right.svg]
[www.theaasc.com/sites/g/files/qhldwo11306/themes/site/themes/custom/otsuka_ds3_aasc_theme/dist/css/03-organisms/steps_complex/img/top-mobile.html]
[www.theaasc.com/sites/g/files/qhldwo11306/themes/site/themes/custom/otsuka_ds3_aasc_theme/dist/css/03-organisms/steps_complex/img/bottom-mobile.html]
[www.theaasc.com/sites/g/files/qhldwo11306/themes/site/themes/custom/otsuka_ds3_aasc_theme/dist/css/03-organisms/steps_complex/img/arrow.svg]
[www.theaasc.com/sites/g/files/qhldwo11306/themes/site/themes/custom/otsuka_ds3_aasc_theme/dist/css/03-organisms/steps_complex/img/left.html]
[www.theaasc.com/sites/g/files/qhldwo11306/themes/site/themes/custom/otsuka_ds3_aasc_theme/dist/css/03-organisms/steps_complex/img/right.html]
